T-Spice - Tanner SPICE
Version 16.01
Network license
Product Release ID: T-Spice Win64 16.01.20130407.21:15:40
Copyright © 1988-2013 Tanner EDA

	Parsing "D:\pesquisa\Projeto SEE\Algoritmos\MeuModelo\src\bruno\Output\nor3\100\Passo1_nor3_100_VDDtoPU_N1_FO8.sp"
	Including "D:\pesquisa\Projeto SEE\Algoritmos\MeuModelo\src\bruno\Output\nor3\100\ptm_90nm.l"

Start of Passo1_nor3_100_VDDtoPU_N1_FO8.sp
Loaded BSIM4v450 model library, Berkeley BSIM4 v4.5.0

	Opening simulation database "D:\pesquisa\Projeto SEE\Algoritmos\MeuModelo\src\bruno\Output\nor3\100\Passo1_nor3_100_VDDtoPU_N1_FO8.tsim"
Warning : "Passo1_nor3_100_VDDtoPU_N1_FO8.sp" line 8 Power supply node VDD2 is singularly attached to V2, and will be terminated with a Gmin conductance

General options:
        threads = 1

 Device and node counts:
              MOSFETs -      22
    MOSFET geometries -       3
      Voltage sources -       4
      Current sources -       1
          Subcircuits -       9
    Model Definitions -       3
      Computed Models -       2
    Independent nodes -      92
       Boundary nodes -       5
          Total nodes -      97
*** 1 WARNING MESSAGE GENERATED DURING SETUP


Optimization model parameters:
  Level   = 1
  verbose = 1
  cendif  = 1e-009
  close   = 0.001
  cut     = 2
  difsiz  = 0.001
  grad    = 1e-006
  itropt  = 40
  max     = 600000
  parmin  = 0.1
  relin   = 0.001
  relout  = 0.001

Warning : Warning messages were issued, but were suppressed
        : during a sweep, optimization, or Monte Carlos analysis.
        : 	Use '.options maxmsg=0' to view all warnings.


Optimization parameters:
      iTotal = 2e-005            derivative = -26.1143       

Optimization initialization: resid=0.616815 grad=26.1143 Marquardt=0.001

Optimization parameters:
      iTotal = 0.000166314       derivative = -5.07305       


Measure information will be written to file "D:\pesquisa\Projeto SEE\Algoritmos\MeuModelo\src\bruno\Output\nor3\100\Passo1_nor3_100_VDDtoPU_N1_FO8\Passo1_nor3_100_VDDtoPU_N1_FO8.measure"

Measurement result summary: OPTIMIZE=opt2_1
   Vpeak           =  841.6434m      
   avgiS           =    5.3610u      
   cargaTotal      =    2.1444f      

Optimization iteration 1
                   Residual = 0.299445
              Gradient norm = 5.07305
        Marquardt parameter = 0.0005
       Function evaluations = 4
                  Converged = no
         Gradient converged = no
            Input converged = no
           Output converged = no

Optimization parameters:
      iTotal = 0.00034922        derivative = -0.467328      


Measurement result summary: OPTIMIZE=opt2_2
   Vpeak           =    1.1607       
   avgiS           =   11.2391u      
   cargaTotal      =    4.4957f      

Optimization iteration 2
                   Residual = 0.0333673
              Gradient norm = 0.467328
        Marquardt parameter = 0.00025
       Function evaluations = 2
                  Converged = no
         Gradient converged = no
            Input converged = no
           Output converged = no

Optimization parameters:
      iTotal = 0.000374539       derivative = -0.000645868   


Measurement result summary: OPTIMIZE=opt2_3
   Vpeak           =    1.2003       
   avgiS           =   12.0528u      
   cargaTotal      =    4.8211f      

Optimization iteration 3
                   Residual = 0.000367548
              Gradient norm = 0.000645868
        Marquardt parameter = 0.000125
       Function evaluations = 2
                  Converged = yes
         Gradient converged = no
            Input converged = no
           Output converged = yes

Optimization results:
                   Residual = 0.000367548
              Gradient norm = 0.000645868
        Marquardt parameter = 0.000125
       Function evaluations = 8
       Number of iterations = 3
         Gradient converged = no
            Input converged = no
           Output converged = yes

Optimized parameter values:
   iTotal =  3.7454e-004

Measurement result summary: OPTIMIZE=opt2_3
   Vpeak           =    1.1996       
   avgiS           =   12.0368u      
   cargaTotal      =    4.8147f      

Parsing                      0.01 seconds
.TRAN Sweep                  3.56 seconds
Overhead                     0.90 seconds
-----------------------------------------
Total                        4.47 seconds

Simulation completed	with  2 Warnings