T-Spice - Tanner SPICE
Version 16.01
Network license
Product Release ID: T-Spice Win64 16.01.20130407.21:15:40
Copyright © 1988-2013 Tanner EDA

	Parsing "D:\pesquisa\Projeto SEE\Algoritmos\MeuModelo\src\bruno\Output\f33\0000\Passo1_f33_0000_OUTtoGND_FO4.sp"
	Including "D:\pesquisa\Projeto SEE\Algoritmos\MeuModelo\src\bruno\Output\f33\0000\ptm_90nm.l"

Start of Passo1_f33_0000_OUTtoGND_FO4.sp
Loaded BSIM4v450 model library, Berkeley BSIM4 v4.5.0

	Opening simulation database "D:\pesquisa\Projeto SEE\Algoritmos\MeuModelo\src\bruno\Output\f33\0000\Passo1_f33_0000_OUTtoGND_FO4.tsim"
Warning : "Passo1_f33_0000_OUTtoGND_FO4.sp" line 8 Power supply node VDD2 is singularly attached to V2, and will be terminated with a Gmin conductance
Warning : "Passo1_f33_0000_OUTtoGND_FO4.sp" line 9 Power supply node high is singularly attached to vinA, and will be terminated with a Gmin conductance

General options:
        threads = 1

 Device and node counts:
              MOSFETs -      36
    MOSFET geometries -       5
      Voltage sources -       4
      Current sources -       1
          Subcircuits -       5
    Model Definitions -       3
      Computed Models -       2
    Independent nodes -     162
       Boundary nodes -       5
          Total nodes -     167
*** 2 WARNING MESSAGES GENERATED DURING SETUP


Optimization model parameters:
  Level   = 1
  verbose = 1
  cendif  = 1e-009
  close   = 0.001
  cut     = 2
  difsiz  = 0.001
  grad    = 1e-006
  itropt  = 40
  max     = 600000
  parmin  = 0.1
  relin   = 0.001
  relout  = 0.001

Warning : Warning messages were issued, but were suppressed
        : during a sweep, optimization, or Monte Carlos analysis.
        : 	Use '.options maxmsg=0' to view all warnings.


Optimization parameters:
      iTotal = 2e-005            derivative = -1.2323e+025   

Optimization initialization: resid=1.17928e+012 grad=1.2323e+025 Marquardt=0.001

Optimization parameters:
      iTotal = 0.00115505        derivative = 4.83377e+024   


Measure information will be written to file "D:\pesquisa\Projeto SEE\Algoritmos\MeuModelo\src\bruno\Output\f33\0000\Passo1_f33_0000_OUTtoGND_FO4\Passo1_f33_0000_OUTtoGND_FO4.measure"

Measurement result summary: OPTIMIZE=opt2_1
   Vpeak           = -257.0344m      
   avgiS           =   37.1579u      
   cargaTotal      =   14.8632f      

Optimization iteration 1
                   Residual = 2.55269e+011
              Gradient norm = 4.83377e+024
        Marquardt parameter = 0.0005
       Function evaluations = 4
                  Converged = no
         Gradient converged = no
            Input converged = no
           Output converged = no

Optimization parameters:
      iTotal = 0.000988156       derivative = 1.28664e+023   


Measurement result summary: OPTIMIZE=opt2_2
   Vpeak           =   -8.2253m      
   avgiS           =   31.7889u      
   cargaTotal      =   12.7155f      

Optimization iteration 2
                   Residual = 6.81862e+009
              Gradient norm = 1.28664e+023
        Marquardt parameter = 0.00025
       Function evaluations = 2
                  Converged = no
         Gradient converged = no
            Input converged = no
           Output converged = no

Optimization parameters:
      iTotal = 0.000983369       derivative = 1.21829e+022   


Measurement result summary: OPTIMIZE=opt2_3
   Vpeak           =   -1.4128m      
   avgiS           =   31.6348u      
   cargaTotal      =   12.6539f      

Optimization iteration 3
                   Residual = 1.78954e+007
              Gradient norm = 1.21829e+022
        Marquardt parameter = 0.000125
       Function evaluations = 2
                  Converged = no
         Gradient converged = no
            Input converged = no
           Output converged = no

Optimization parameters:
      iTotal = 0.000983356       derivative = 1.18779e+022   


Measurement result summary: OPTIMIZE=opt2_4
   Vpeak           =   -1.3949m      
   avgiS           =   31.6344u      
   cargaTotal      =   12.6538f      

Optimization iteration 4
                   Residual = 11178
              Gradient norm = 1.18779e+022
        Marquardt parameter = 6.25e-005
       Function evaluations = 2
                  Converged = no
         Gradient converged = no
            Input converged = yes
           Output converged = no

Optimization parameters:
      iTotal = 0.000983356       derivative = 1.18777e+022   


Measurement result summary: OPTIMIZE=opt2_5
   Vpeak           =   -1.3948m      
   avgiS           =   31.6344u      
   cargaTotal      =   12.6538f      

Optimization iteration 5
                   Residual = 3.7879
              Gradient norm = 1.18777e+022
        Marquardt parameter = 3.125e-005
       Function evaluations = 2
                  Converged = no
         Gradient converged = no
            Input converged = yes
           Output converged = no

Optimization parameters:
      iTotal = 0.000983356       derivative = 1.18777e+022   


Measurement result summary: OPTIMIZE=opt2_6
   Vpeak           =   -1.3948m      
   avgiS           =   31.6344u      
   cargaTotal      =   12.6538f      

Optimization iteration 6
                   Residual = 0.901352
              Gradient norm = 1.18777e+022
        Marquardt parameter = 1.5625e-005
       Function evaluations = 2
                  Converged = no
         Gradient converged = no
            Input converged = yes
           Output converged = no

Optimization parameters:
      iTotal = 0.000983356       derivative = 1.18777e+022   


Measurement result summary: OPTIMIZE=opt2_7
   Vpeak           =   -1.3948m      
   avgiS           =   31.6344u      
   cargaTotal      =   12.6538f      

Optimization iteration 7
                   Residual = 0.3082
              Gradient norm = 1.18777e+022
        Marquardt parameter = 7.8125e-006
       Function evaluations = 2
                  Converged = no
         Gradient converged = no
            Input converged = yes
           Output converged = no

Measurement result summary: OPTIMIZE=opt2_8
   Vpeak           =  722.8301f      
   avgiS           =   31.6028u      
   cargaTotal      =   12.6411f      

Optimization iteration 8
                   Residual = 0.3082
              Gradient norm = 1.18777e+022
        Marquardt parameter = 3.125e-005
       Function evaluations = 1
                  Converged = no
         Gradient converged = no
            Input converged = yes
           Output converged = no

Measurement result summary: OPTIMIZE=opt2_9
   Vpeak           = -640.3031f      
   avgiS           =   31.6028u      
   cargaTotal      =   12.6411f      

Optimization iteration 9
                   Residual = 0.3082
              Gradient norm = 1.18777e+022
        Marquardt parameter = 0.000125
       Function evaluations = 1
                  Converged = no
         Gradient converged = no
            Input converged = yes
           Output converged = no

Measurement result summary: OPTIMIZE=opt2_10
   Vpeak           =  589.8973f      
   avgiS           =   31.6028u      
   cargaTotal      =   12.6411f      

Optimization iteration 10
                   Residual = 0.3082
              Gradient norm = 1.18777e+022
        Marquardt parameter = 0.0005
       Function evaluations = 1
                  Converged = no
         Gradient converged = no
            Input converged = yes
           Output converged = no

Measurement result summary: OPTIMIZE=opt2_11
   Vpeak           =  659.7207f      
   avgiS           =   31.6028u      
   cargaTotal      =   12.6411f      

Optimization iteration 11
                   Residual = 0.3082
              Gradient norm = 1.18777e+022
        Marquardt parameter = 0.002
       Function evaluations = 1
                  Converged = no
         Gradient converged = no
            Input converged = yes
           Output converged = no

Measurement result summary: OPTIMIZE=opt2_12
   Vpeak           =  554.1040f      
   avgiS           =   31.6028u      
   cargaTotal      =   12.6411f      

Optimization iteration 12
                   Residual = 0.3082
              Gradient norm = 1.18777e+022
        Marquardt parameter = 0.008
       Function evaluations = 1
                  Converged = no
         Gradient converged = no
            Input converged = yes
           Output converged = no

Optimization parameters:
      iTotal = 0.000983356       derivative = 1.18777e+022   


Measurement result summary: OPTIMIZE=opt2_13
   Vpeak           =   -1.3948m      
   avgiS           =   31.6344u      
   cargaTotal      =   12.6538f      

Optimization iteration 13
                   Residual = 0.160094
              Gradient norm = 1.18777e+022
        Marquardt parameter = 0.004
       Function evaluations = 2
                  Converged = no
         Gradient converged = no
            Input converged = yes
           Output converged = no

Measurement result summary: OPTIMIZE=opt2_14
   Vpeak           =   -2.0671p      
   avgiS           =   31.6028u      
   cargaTotal      =   12.6411f      

Optimization iteration 14
                   Residual = 0.160094
              Gradient norm = 1.18777e+022
        Marquardt parameter = 0.016
       Function evaluations = 1
                  Converged = no
         Gradient converged = no
            Input converged = yes
           Output converged = no

Measurement result summary: OPTIMIZE=opt2_15
   Vpeak           =    1.0599p      
   avgiS           =   31.6028u      
   cargaTotal      =   12.6411f      

Optimization iteration 15
                   Residual = 0.160094
              Gradient norm = 1.18777e+022
        Marquardt parameter = 0.064
       Function evaluations = 1
                  Converged = no
         Gradient converged = no
            Input converged = yes
           Output converged = no

Measurement result summary: OPTIMIZE=opt2_16
   Vpeak           =   -1.2760p      
   avgiS           =   31.6028u      
   cargaTotal      =   12.6411f      

Optimization iteration 16
                   Residual = 0.160094
              Gradient norm = 1.18777e+022
        Marquardt parameter = 0.256
       Function evaluations = 1
                  Converged = no
         Gradient converged = no
            Input converged = yes
           Output converged = no

Measurement result summary: OPTIMIZE=opt2_17
   Vpeak           =  642.1993f      
   avgiS           =   31.6028u      
   cargaTotal      =   12.6411f      

Optimization iteration 17
                   Residual = 0.160094
              Gradient norm = 1.18777e+022
        Marquardt parameter = 1.024
       Function evaluations = 1
                  Converged = no
         Gradient converged = no
            Input converged = yes
           Output converged = no

Measurement result summary: OPTIMIZE=opt2_18
   Vpeak           =  601.5290f      
   avgiS           =   31.6028u      
   cargaTotal      =   12.6411f      

Optimization iteration 18
                   Residual = 0.160094
              Gradient norm = 1.18777e+022
        Marquardt parameter = 4.096
       Function evaluations = 1
                  Converged = no
         Gradient converged = no
            Input converged = yes
           Output converged = no

Measurement result summary: OPTIMIZE=opt2_19
   Vpeak           =  849.8829f      
   avgiS           =   31.6028u      
   cargaTotal      =   12.6411f      

Optimization iteration 19
                   Residual = 0.160094
              Gradient norm = 1.18777e+022
        Marquardt parameter = 16.384
       Function evaluations = 1
                  Converged = no
         Gradient converged = no
            Input converged = yes
           Output converged = no

Measurement result summary: OPTIMIZE=opt2_20
   Vpeak           =    1.1187p      
   avgiS           =   31.6028u      
   cargaTotal      =   12.6411f      

Optimization iteration 20
                   Residual = 0.160094
              Gradient norm = 1.18777e+022
        Marquardt parameter = 65.536
       Function evaluations = 1
                  Converged = no
         Gradient converged = no
            Input converged = yes
           Output converged = no

Measurement result summary: OPTIMIZE=opt2_21
   Vpeak           =   -1.1708p      
   avgiS           =   31.6028u      
   cargaTotal      =   12.6411f      

Optimization iteration 21
                   Residual = 0.160094
              Gradient norm = 1.18777e+022
        Marquardt parameter = 262.144
       Function evaluations = 1
                  Converged = no
         Gradient converged = no
            Input converged = yes
           Output converged = no

Measurement result summary: OPTIMIZE=opt2_22
   Vpeak           =  696.7061f      
   avgiS           =   31.6028u      
   cargaTotal      =   12.6411f      

Optimization iteration 22
                   Residual = 0.160094
              Gradient norm = 1.18777e+022
        Marquardt parameter = 1048.58
       Function evaluations = 1
                  Converged = no
         Gradient converged = no
            Input converged = yes
           Output converged = no

Measurement result summary: OPTIMIZE=opt2_23
   Vpeak           =  743.3564f      
   avgiS           =   31.6028u      
   cargaTotal      =   12.6411f      

Optimization iteration 23
                   Residual = 0.160094
              Gradient norm = 1.18777e+022
        Marquardt parameter = 4194.3
       Function evaluations = 1
                  Converged = no
         Gradient converged = no
            Input converged = yes
           Output converged = no

Measurement result summary: OPTIMIZE=opt2_24
   Vpeak           =  392.8367f      
   avgiS           =   31.6028u      
   cargaTotal      =   12.6411f      

Optimization iteration 24
                   Residual = 0.160094
              Gradient norm = 1.18777e+022
        Marquardt parameter = 16777.2
       Function evaluations = 1
                  Converged = no
         Gradient converged = no
            Input converged = yes
           Output converged = no

Measurement result summary: OPTIMIZE=opt2_25
   Vpeak           = -953.9916f      
   avgiS           =   31.6028u      
   cargaTotal      =   12.6411f      

Optimization iteration 25
                   Residual = 0.160094
              Gradient norm = 1.18777e+022
        Marquardt parameter = 67108.9
       Function evaluations = 1
                  Converged = no
         Gradient converged = no
            Input converged = yes
           Output converged = no

Optimization parameters:
      iTotal = 0.000983356       derivative = 1.18777e+022   


Measurement result summary: OPTIMIZE=opt2_26
   Vpeak           =   -1.3948m      
   avgiS           =   31.6344u      
   cargaTotal      =   12.6538f      

Optimization iteration 26
                   Residual = 0.139854
              Gradient norm = 1.18777e+022
        Marquardt parameter = 33554.4
       Function evaluations = 2
                  Converged = no
         Gradient converged = no
            Input converged = yes
           Output converged = no

Measurement result summary: OPTIMIZE=opt2_27
   Vpeak           =  206.3673f      
   avgiS           =   31.6028u      
   cargaTotal      =   12.6411f      

Optimization iteration 27
                   Residual = 0.139854
              Gradient norm = 1.18777e+022
        Marquardt parameter = 134218
       Function evaluations = 1
                  Converged = no
         Gradient converged = no
            Input converged = yes
           Output converged = no

Measurement result summary: OPTIMIZE=opt2_28
   Vpeak           =  180.9313f      
   avgiS           =   31.6028u      
   cargaTotal      =   12.6411f      

Optimization iteration 28
                   Residual = 0.139854
              Gradient norm = 1.18777e+022
        Marquardt parameter = 536871
       Function evaluations = 1
                  Converged = no
         Gradient converged = no
            Input converged = yes
           Output converged = no

Optimization parameters:
      iTotal = 0.000983356       derivative = 1.18777e+022   


Measurement result summary: OPTIMIZE=opt2_29
   Vpeak           =   -1.3948m      
   avgiS           =   31.6344u      
   cargaTotal      =   12.6538f      

Optimization iteration 29
                   Residual = 0.0265949
              Gradient norm = 1.18777e+022
        Marquardt parameter = 268435
       Function evaluations = 2
                  Converged = no
         Gradient converged = no
            Input converged = yes
           Output converged = no

Measurement result summary: OPTIMIZE=opt2_30
   Vpeak           =  402.9625f      
   avgiS           =   31.6028u      
   cargaTotal      =   12.6411f      

Optimization iteration 30
                   Residual = 0.0265949
              Gradient norm = 1.18777e+022
        Marquardt parameter = 1.07374e+006
       Function evaluations = 1
                  Converged = yes
         Gradient converged = no
            Input converged = yes
           Output converged = no

Optimization results:
                   Residual = 0.0265949
              Gradient norm = 1.18777e+022
        Marquardt parameter = 1.07374e+006
       Function evaluations = 42
       Number of iterations = 30
         Gradient converged = no
            Input converged = yes
           Output converged = no

Optimized parameter values:
   iTotal =  9.8336e-004

Measurement result summary: OPTIMIZE=opt2_30
   Vpeak           =  145.0440f      
   avgiS           =   31.6028u      
   cargaTotal      =   12.6411f      

Parsing                      0.01 seconds
.TRAN Sweep                 22.52 seconds
Overhead                     0.34 seconds
-----------------------------------------
Total                       22.87 seconds

Simulation completed	with  3 Warnings