T-Spice - Tanner SPICE
Version 16.01
Network license
Product Release ID: T-Spice Win64 16.01.20130407.21:15:40
Copyright © 1988-2013 Tanner EDA

	Parsing "D:\pesquisa\Projeto SEE\Algoritmos\MeuModelo\src\bruno\Output\nand3\100\Passo1_nand3_100_PD_N1toGND_FO8.sp"
	Including "D:\pesquisa\Projeto SEE\Algoritmos\MeuModelo\src\bruno\Output\nand3\100\ptm_90nm.l"

Start of Passo1_nand3_100_PD_N1toGND_FO8.sp
Loaded BSIM4v450 model library, Berkeley BSIM4 v4.5.0

	Opening simulation database "D:\pesquisa\Projeto SEE\Algoritmos\MeuModelo\src\bruno\Output\nand3\100\Passo1_nand3_100_PD_N1toGND_FO8.tsim"
Warning : "Passo1_nand3_100_PD_N1toGND_FO8.sp" line 8 Power supply node VDD2 is singularly attached to V2, and will be terminated with a Gmin conductance

General options:
        threads = 1

 Device and node counts:
              MOSFETs -      22
    MOSFET geometries -       3
      Voltage sources -       4
      Current sources -       1
          Subcircuits -       9
    Model Definitions -       3
      Computed Models -       2
    Independent nodes -      92
       Boundary nodes -       5
          Total nodes -      97
*** 1 WARNING MESSAGE GENERATED DURING SETUP


Optimization model parameters:
  Level   = 1
  verbose = 1
  cendif  = 1e-009
  close   = 0.001
  cut     = 2
  difsiz  = 0.001
  grad    = 1e-006
  itropt  = 40
  max     = 600000
  parmin  = 0.1
  relin   = 0.001
  relout  = 0.001

Warning : Warning messages were issued, but were suppressed
        : during a sweep, optimization, or Monte Carlos analysis.
        : 	Use '.options maxmsg=0' to view all warnings.


Optimization parameters:
      iTotal = 2e-005            derivative = -3.68959e+025  

Optimization initialization: resid=7.13552e+011 grad=3.68959e+025 Marquardt=0.001

Optimization parameters:
      iTotal = 0.000158575       derivative = -5.90023e+024  


Measure information will be written to file "D:\pesquisa\Projeto SEE\Algoritmos\MeuModelo\src\bruno\Output\nand3\100\Passo1_nand3_100_PD_N1toGND_FO8\Passo1_nand3_100_PD_N1toGND_FO8.measure"

Measurement result summary: OPTIMIZE=opt2_1
   Vpeak           =  493.2349m      
   avgiS           =    5.1123u      
   cargaTotal      =    2.0449f      

Optimization iteration 1
                   Residual = 4.9381e+011
              Gradient norm = 5.90023e+024
        Marquardt parameter = 0.0005
       Function evaluations = 4
                  Converged = no
         Gradient converged = no
            Input converged = no
           Output converged = no

Optimization parameters:
      iTotal = 0.000585945       derivative = -2.19108e+023  


Measurement result summary: OPTIMIZE=opt2_2
   Vpeak           =   17.3391m      
   avgiS           =   18.8498u      
   cargaTotal      =    7.5399f      

Optimization iteration 2
                   Residual = 1.79874e+010
              Gradient norm = 2.19108e+023
        Marquardt parameter = 0.00025
       Function evaluations = 2
                  Converged = no
         Gradient converged = no
            Input converged = no
           Output converged = no

Optimization parameters:
      iTotal = 0.000602194       derivative = 4.06142e+021   


Measurement result summary: OPTIMIZE=opt2_3
   Vpeak           = -659.5955u      
   avgiS           =   19.3725u      
   cargaTotal      =    7.7490f      

Optimization iteration 3
                   Residual = 6.83665e+006
              Gradient norm = 4.06142e+021
        Marquardt parameter = 0.000125
       Function evaluations = 2
                  Converged = no
         Gradient converged = no
            Input converged = no
           Output converged = no

Measurement result summary: OPTIMIZE=opt2_4
   Vpeak           =   13.8147u      
   avgiS           =   19.3530u      
   cargaTotal      =    7.7412f      

Optimization iteration 4
                   Residual = 6.83665e+006
              Gradient norm = 4.06142e+021
        Marquardt parameter = 0.0005
       Function evaluations = 1
                  Converged = no
         Gradient converged = no
            Input converged = no
           Output converged = no

Measurement result summary: OPTIMIZE=opt2_5
   Vpeak           =   13.8095u      
   avgiS           =   19.3530u      
   cargaTotal      =    7.7412f      

Optimization iteration 5
                   Residual = 6.83665e+006
              Gradient norm = 4.06142e+021
        Marquardt parameter = 0.002
       Function evaluations = 1
                  Converged = no
         Gradient converged = no
            Input converged = no
           Output converged = no

Measurement result summary: OPTIMIZE=opt2_6
   Vpeak           =   13.7886u      
   avgiS           =   19.3530u      
   cargaTotal      =    7.7412f      

Optimization iteration 6
                   Residual = 6.83665e+006
              Gradient norm = 4.06142e+021
        Marquardt parameter = 0.008
       Function evaluations = 1
                  Converged = no
         Gradient converged = no
            Input converged = no
           Output converged = no

Measurement result summary: OPTIMIZE=opt2_7
   Vpeak           =   13.7061u      
   avgiS           =   19.3530u      
   cargaTotal      =    7.7412f      

Optimization iteration 7
                   Residual = 6.83665e+006
              Gradient norm = 4.06142e+021
        Marquardt parameter = 0.032
       Function evaluations = 1
                  Converged = no
         Gradient converged = no
            Input converged = no
           Output converged = no

Measurement result summary: OPTIMIZE=opt2_8
   Vpeak           =   13.3903u      
   avgiS           =   19.3530u      
   cargaTotal      =    7.7412f      

Optimization iteration 8
                   Residual = 6.83665e+006
              Gradient norm = 4.06142e+021
        Marquardt parameter = 0.128
       Function evaluations = 1
                  Converged = no
         Gradient converged = no
            Input converged = no
           Output converged = no

Measurement result summary: OPTIMIZE=opt2_9
   Vpeak           =   12.3223u      
   avgiS           =   19.3530u      
   cargaTotal      =    7.7412f      

Optimization iteration 9
                   Residual = 6.83665e+006
              Gradient norm = 4.06142e+021
        Marquardt parameter = 0.512
       Function evaluations = 1
                  Converged = no
         Gradient converged = no
            Input converged = no
           Output converged = no

Measurement result summary: OPTIMIZE=opt2_10
   Vpeak           =    9.8898u      
   avgiS           =   19.3531u      
   cargaTotal      =    7.7412f      

Optimization iteration 10
                   Residual = 6.83665e+006
              Gradient norm = 4.06142e+021
        Marquardt parameter = 2.048
       Function evaluations = 1
                  Converged = no
         Gradient converged = no
            Input converged = no
           Output converged = no

Measurement result summary: OPTIMIZE=opt2_11
   Vpeak           =    7.5880u      
   avgiS           =   19.3532u      
   cargaTotal      =    7.7413f      

Optimization iteration 11
                   Residual = 6.83665e+006
              Gradient norm = 4.06142e+021
        Marquardt parameter = 8.192
       Function evaluations = 1
                  Converged = no
         Gradient converged = no
            Input converged = no
           Output converged = no

Measurement result summary: OPTIMIZE=opt2_12
   Vpeak           =    6.9193u      
   avgiS           =   19.3532u      
   cargaTotal      =    7.7413f      

Optimization iteration 12
                   Residual = 6.83665e+006
              Gradient norm = 4.06142e+021
        Marquardt parameter = 32.768
       Function evaluations = 1
                  Converged = no
         Gradient converged = no
            Input converged = no
           Output converged = no

Measurement result summary: OPTIMIZE=opt2_13
   Vpeak           =    6.8428u      
   avgiS           =   19.3532u      
   cargaTotal      =    7.7413f      

Optimization iteration 13
                   Residual = 6.83665e+006
              Gradient norm = 4.06142e+021
        Marquardt parameter = 131.072
       Function evaluations = 1
                  Converged = no
         Gradient converged = no
            Input converged = no
           Output converged = no

Measurement result summary: OPTIMIZE=opt2_14
   Vpeak           =    6.8371u      
   avgiS           =   19.3532u      
   cargaTotal      =    7.7413f      

Optimization iteration 14
                   Residual = 6.83665e+006
              Gradient norm = 4.06142e+021
        Marquardt parameter = 524.288
       Function evaluations = 1
                  Converged = no
         Gradient converged = no
            Input converged = no
           Output converged = no

Measurement result summary: OPTIMIZE=opt2_15
   Vpeak           =    6.8367u      
   avgiS           =   19.3532u      
   cargaTotal      =    7.7413f      

Optimization iteration 15
                   Residual = 6.83665e+006
              Gradient norm = 4.06142e+021
        Marquardt parameter = 2097.15
       Function evaluations = 1
                  Converged = no
         Gradient converged = no
            Input converged = no
           Output converged = no

Measurement result summary: OPTIMIZE=opt2_16
   Vpeak           =    6.8367u      
   avgiS           =   19.3532u      
   cargaTotal      =    7.7413f      

Optimization iteration 16
                   Residual = 6.83665e+006
              Gradient norm = 4.06142e+021
        Marquardt parameter = 8388.61
       Function evaluations = 1
                  Converged = no
         Gradient converged = no
            Input converged = no
           Output converged = no

Measurement result summary: OPTIMIZE=opt2_17
   Vpeak           =    6.8367u      
   avgiS           =   19.3532u      
   cargaTotal      =    7.7413f      

Optimization iteration 17
                   Residual = 6.83665e+006
              Gradient norm = 4.06142e+021
        Marquardt parameter = 33554.4
       Function evaluations = 1
                  Converged = no
         Gradient converged = no
            Input converged = no
           Output converged = no

Measurement result summary: OPTIMIZE=opt2_18
   Vpeak           =    6.8367u      
   avgiS           =   19.3532u      
   cargaTotal      =    7.7413f      

Optimization iteration 18
                   Residual = 6.83665e+006
              Gradient norm = 4.06142e+021
        Marquardt parameter = 134218
       Function evaluations = 1
                  Converged = no
         Gradient converged = no
            Input converged = no
           Output converged = no

Measurement result summary: OPTIMIZE=opt2_19
   Vpeak           =    6.8367u      
   avgiS           =   19.3532u      
   cargaTotal      =    7.7413f      

Optimization iteration 19
                   Residual = 6.83665e+006
              Gradient norm = 4.06142e+021
        Marquardt parameter = 536871
       Function evaluations = 1
                  Converged = no
         Gradient converged = no
            Input converged = no
           Output converged = no

Measurement result summary: OPTIMIZE=opt2_20
   Vpeak           =    6.8367u      
   avgiS           =   19.3532u      
   cargaTotal      =    7.7413f      

Optimization iteration 20
                   Residual = 6.83665e+006
              Gradient norm = 4.06142e+021
        Marquardt parameter = 2.14748e+006
       Function evaluations = 1
                  Converged = yes
         Gradient converged = no
            Input converged = no
           Output converged = no

Optimization results:
                   Residual = 6.83665e+006
              Gradient norm = 4.06142e+021
        Marquardt parameter = 2.14748e+006
       Function evaluations = 25
       Number of iterations = 20
         Gradient converged = no
            Input converged = no
           Output converged = no

*** Maximum Marquardt parameter (600000) exceeded and tolerances not met.

*** Optimization incomplete, but results may still be useful.

Optimized parameter values:
   iTotal =  6.0219e-004

Measurement result summary: OPTIMIZE=opt2_20
   Vpeak           =    6.8367u      
   avgiS           =   19.3532u      
   cargaTotal      =    7.7413f      

Parsing                      0.01 seconds
.TRAN Sweep                  9.20 seconds
Overhead                     0.90 seconds
-----------------------------------------
Total                       10.11 seconds

Simulation completed	with  2 Warnings