T-Spice - Tanner SPICE
Version 16.01
Network license
Product Release ID: T-Spice Win64 16.01.20130407.21:15:40
Copyright © 1988-2013 Tanner EDA

	Parsing "D:\pesquisa\Projeto SEE\Algoritmos\MeuModelo\src\bruno\Output\nand3\100\Passo2_nand3_100_PD_N1toGND_FO1.sp"
	Including "D:\pesquisa\Projeto SEE\Algoritmos\MeuModelo\src\bruno\Output\nand3\100\ptm_90nm.l"

Start of Passo2_nand3_100_PD_N1toGND_FO1.sp
Loaded BSIM4v450 model library, Berkeley BSIM4 v4.5.0

	Opening simulation database "D:\pesquisa\Projeto SEE\Algoritmos\MeuModelo\src\bruno\Output\nand3\100\Passo2_nand3_100_PD_N1toGND_FO1.tsim"
Warning : "Passo2_nand3_100_PD_N1toGND_FO1.sp" line 10 Power supply node VDD2 is singularly attached to V2, and will be terminated with a Gmin conductance

General options:
        threads = 1

 Device and node counts:
              MOSFETs -       8
    MOSFET geometries -       3
      Voltage sources -       6
      Current sources -       2
                 CCCS -       1
          Subcircuits -       2
    Model Definitions -       2
      Computed Models -       2
    Independent nodes -      40
       Boundary nodes -       5
          Total nodes -      45
*** 1 WARNING MESSAGE GENERATED DURING SETUP


Measure information will be written to file "D:\pesquisa\Projeto SEE\Algoritmos\MeuModelo\src\bruno\Output\nand3\100\Passo2_nand3_100_PD_N1toGND_FO1\Passo2_nand3_100_PD_N1toGND_FO1.measure"

Measurement result summary
   setTracker      =  166.4675u      
   vPeakMin        =  757.6022u      
   vPeakMax        =    1.0820m      
   avgPrompt       =   16.2591u      
   cargaPrompt     =    6.5036f      
   avgHold         =   75.3921u      
   cargaHold       =   30.1568f      

Parsing                      0.01 seconds
Setup                        0.01 seconds
DC operating point           0.00 seconds
Transient Analysis           0.42 seconds
Overhead                     0.87 seconds
-----------------------------------------
Total                        1.31 seconds

Simulation completed	with  1 Warning