T-Spice - Tanner SPICE
Version 16.01
Network license
Product Release ID: T-Spice Win64 16.01.20130407.21:15:40
Copyright © 1988-2013 Tanner EDA

	Parsing "D:\pesquisa\Projeto SEE\Algoritmos\MeuModelo\src\bruno\Output\nand3\100\Passo1_nand3_100_PD_N1toGND_FO15.sp"
	Including "D:\pesquisa\Projeto SEE\Algoritmos\MeuModelo\src\bruno\Output\nand3\100\ptm_90nm.l"

Start of Passo1_nand3_100_PD_N1toGND_FO15.sp
Loaded BSIM4v450 model library, Berkeley BSIM4 v4.5.0

	Opening simulation database "D:\pesquisa\Projeto SEE\Algoritmos\MeuModelo\src\bruno\Output\nand3\100\Passo1_nand3_100_PD_N1toGND_FO15.tsim"
Warning : "Passo1_nand3_100_PD_N1toGND_FO15.sp" line 8 Power supply node VDD2 is singularly attached to V2, and will be terminated with a Gmin conductance

General options:
        threads = 1

 Device and node counts:
              MOSFETs -      36
    MOSFET geometries -       3
      Voltage sources -       4
      Current sources -       1
          Subcircuits -      16
    Model Definitions -       3
      Computed Models -       2
    Independent nodes -     148
       Boundary nodes -       5
          Total nodes -     153
*** 1 WARNING MESSAGE GENERATED DURING SETUP


Optimization model parameters:
  Level   = 1
  verbose = 1
  cendif  = 1e-009
  close   = 0.001
  cut     = 2
  difsiz  = 0.001
  grad    = 1e-006
  itropt  = 40
  max     = 600000
  parmin  = 0.1
  relin   = 0.001
  relout  = 0.001

Warning : Warning messages were issued, but were suppressed
        : during a sweep, optimization, or Monte Carlos analysis.
        : 	Use '.options maxmsg=0' to view all warnings.


Optimization parameters:
      iTotal = 2e-005            derivative = -3.6875e+025   

Optimization initialization: resid=7.1357e+011 grad=3.6875e+025 Marquardt=0.001

Optimization parameters:
      iTotal = 0.000158661       derivative = -5.80683e+024  


Measure information will be written to file "D:\pesquisa\Projeto SEE\Algoritmos\MeuModelo\src\bruno\Output\nand3\100\Passo1_nand3_100_PD_N1toGND_FO15\Passo1_nand3_100_PD_N1toGND_FO15.measure"

Measurement result summary: OPTIMIZE=opt2_1
   Vpeak           =  496.1777m      
   avgiS           =    5.1150u      
   cargaTotal      =    2.0460f      

Optimization iteration 1
                   Residual = 4.9674e+011
              Gradient norm = 5.80683e+024
        Marquardt parameter = 0.0005
       Function evaluations = 4
                  Converged = no
         Gradient converged = no
            Input converged = no
           Output converged = no

Optimization parameters:
      iTotal = 0.000598088       derivative = -2.65193e+023  


Measurement result summary: OPTIMIZE=opt2_2
   Vpeak           =   21.9437m      
   avgiS           =   19.2404u      
   cargaTotal      =    7.6962f      

Optimization iteration 2
                   Residual = 2.25778e+010
              Gradient norm = 2.65193e+023
        Marquardt parameter = 0.00025
       Function evaluations = 2
                  Converged = no
         Gradient converged = no
            Input converged = no
           Output converged = no

Optimization parameters:
      iTotal = 0.000619373       derivative = 3.66957e+021   


Measurement result summary: OPTIMIZE=opt2_3
   Vpeak           = -635.1901u      
   avgiS           =   19.9252u      
   cargaTotal      =    7.9701f      

Optimization iteration 3
                   Residual = 2.09222e+007
              Gradient norm = 3.66957e+021
        Marquardt parameter = 0.000125
       Function evaluations = 2
                  Converged = no
         Gradient converged = no
            Input converged = no
           Output converged = no

Measurement result summary: OPTIMIZE=opt2_4
   Vpeak           =   43.2644u      
   avgiS           =   19.9046u      
   cargaTotal      =    7.9618f      

Optimization iteration 4
                   Residual = 2.09222e+007
              Gradient norm = 3.66957e+021
        Marquardt parameter = 0.0005
       Function evaluations = 1
                  Converged = no
         Gradient converged = no
            Input converged = no
           Output converged = no

Measurement result summary: OPTIMIZE=opt2_5
   Vpeak           =   43.2477u      
   avgiS           =   19.9046u      
   cargaTotal      =    7.9618f      

Optimization iteration 5
                   Residual = 2.09222e+007
              Gradient norm = 3.66957e+021
        Marquardt parameter = 0.002
       Function evaluations = 1
                  Converged = no
         Gradient converged = no
            Input converged = no
           Output converged = no

Measurement result summary: OPTIMIZE=opt2_6
   Vpeak           =   43.1809u      
   avgiS           =   19.9046u      
   cargaTotal      =    7.9618f      

Optimization iteration 6
                   Residual = 2.09222e+007
              Gradient norm = 3.66957e+021
        Marquardt parameter = 0.008
       Function evaluations = 1
                  Converged = no
         Gradient converged = no
            Input converged = no
           Output converged = no

Measurement result summary: OPTIMIZE=opt2_7
   Vpeak           =   42.9167u      
   avgiS           =   19.9046u      
   cargaTotal      =    7.9618f      

Optimization iteration 7
                   Residual = 2.09222e+007
              Gradient norm = 3.66957e+021
        Marquardt parameter = 0.032
       Function evaluations = 1
                  Converged = no
         Gradient converged = no
            Input converged = no
           Output converged = no

Measurement result summary: OPTIMIZE=opt2_8
   Vpeak           =   41.9056u      
   avgiS           =   19.9046u      
   cargaTotal      =    7.9618f      

Optimization iteration 8
                   Residual = 2.09222e+007
              Gradient norm = 3.66957e+021
        Marquardt parameter = 0.128
       Function evaluations = 1
                  Converged = no
         Gradient converged = no
            Input converged = no
           Output converged = no

Measurement result summary: OPTIMIZE=opt2_9
   Vpeak           =   38.4859u      
   avgiS           =   19.9047u      
   cargaTotal      =    7.9619f      

Optimization iteration 9
                   Residual = 2.09222e+007
              Gradient norm = 3.66957e+021
        Marquardt parameter = 0.512
       Function evaluations = 1
                  Converged = no
         Gradient converged = no
            Input converged = no
           Output converged = no

Measurement result summary: OPTIMIZE=opt2_10
   Vpeak           =   30.6975u      
   avgiS           =   19.9050u      
   cargaTotal      =    7.9620f      

Optimization iteration 10
                   Residual = 2.09222e+007
              Gradient norm = 3.66957e+021
        Marquardt parameter = 2.048
       Function evaluations = 1
                  Converged = no
         Gradient converged = no
            Input converged = no
           Output converged = no

Measurement result summary: OPTIMIZE=opt2_11
   Vpeak           =   23.3277u      
   avgiS           =   19.9052u      
   cargaTotal      =    7.9621f      

Optimization iteration 11
                   Residual = 2.09222e+007
              Gradient norm = 3.66957e+021
        Marquardt parameter = 8.192
       Function evaluations = 1
                  Converged = no
         Gradient converged = no
            Input converged = no
           Output converged = no

Measurement result summary: OPTIMIZE=opt2_12
   Vpeak           =   21.1867u      
   avgiS           =   19.9052u      
   cargaTotal      =    7.9621f      

Optimization iteration 12
                   Residual = 2.09222e+007
              Gradient norm = 3.66957e+021
        Marquardt parameter = 32.768
       Function evaluations = 1
                  Converged = no
         Gradient converged = no
            Input converged = no
           Output converged = no

Measurement result summary: OPTIMIZE=opt2_13
   Vpeak           =   20.9418u      
   avgiS           =   19.9053u      
   cargaTotal      =    7.9621f      

Optimization iteration 13
                   Residual = 2.09222e+007
              Gradient norm = 3.66957e+021
        Marquardt parameter = 131.072
       Function evaluations = 1
                  Converged = no
         Gradient converged = no
            Input converged = no
           Output converged = no

Measurement result summary: OPTIMIZE=opt2_14
   Vpeak           =   20.9235u      
   avgiS           =   19.9053u      
   cargaTotal      =    7.9621f      

Optimization iteration 14
                   Residual = 2.09222e+007
              Gradient norm = 3.66957e+021
        Marquardt parameter = 524.288
       Function evaluations = 1
                  Converged = no
         Gradient converged = no
            Input converged = no
           Output converged = no

Measurement result summary: OPTIMIZE=opt2_15
   Vpeak           =   20.9223u      
   avgiS           =   19.9053u      
   cargaTotal      =    7.9621f      

Optimization iteration 15
                   Residual = 2.09222e+007
              Gradient norm = 3.66957e+021
        Marquardt parameter = 2097.15
       Function evaluations = 1
                  Converged = no
         Gradient converged = no
            Input converged = no
           Output converged = no

Measurement result summary: OPTIMIZE=opt2_16
   Vpeak           =   20.9222u      
   avgiS           =   19.9053u      
   cargaTotal      =    7.9621f      

Optimization iteration 16
                   Residual = 2.09222e+007
              Gradient norm = 3.66957e+021
        Marquardt parameter = 8388.61
       Function evaluations = 1
                  Converged = no
         Gradient converged = no
            Input converged = no
           Output converged = no

Measurement result summary: OPTIMIZE=opt2_17
   Vpeak           =   20.9222u      
   avgiS           =   19.9053u      
   cargaTotal      =    7.9621f      

Optimization iteration 17
                   Residual = 2.09222e+007
              Gradient norm = 3.66957e+021
        Marquardt parameter = 33554.4
       Function evaluations = 1
                  Converged = no
         Gradient converged = no
            Input converged = no
           Output converged = no

Measurement result summary: OPTIMIZE=opt2_18
   Vpeak           =   20.9222u      
   avgiS           =   19.9053u      
   cargaTotal      =    7.9621f      

Optimization iteration 18
                   Residual = 2.09222e+007
              Gradient norm = 3.66957e+021
        Marquardt parameter = 134218
       Function evaluations = 1
                  Converged = no
         Gradient converged = no
            Input converged = no
           Output converged = no

Measurement result summary: OPTIMIZE=opt2_19
   Vpeak           =   20.9222u      
   avgiS           =   19.9053u      
   cargaTotal      =    7.9621f      

Optimization iteration 19
                   Residual = 2.09222e+007
              Gradient norm = 3.66957e+021
        Marquardt parameter = 536871
       Function evaluations = 1
                  Converged = no
         Gradient converged = no
            Input converged = no
           Output converged = no

Optimization parameters:
      iTotal = 0.000619373       derivative = 3.66957e+021   


Measurement result summary: OPTIMIZE=opt2_20
   Vpeak           = -635.1901u      
   avgiS           =   19.9252u      
   cargaTotal      =    7.9701f      

Optimization iteration 20
                   Residual = 2.09222e+007
              Gradient norm = 3.66957e+021
        Marquardt parameter = 268435
       Function evaluations = 2
                  Converged = yes
         Gradient converged = no
            Input converged = yes
           Output converged = yes

Optimization results:
                   Residual = 2.09222e+007
              Gradient norm = 3.66957e+021
        Marquardt parameter = 268435
       Function evaluations = 26
       Number of iterations = 20
         Gradient converged = no
            Input converged = yes
           Output converged = yes

Optimized parameter values:
   iTotal =  6.1937e-004

Measurement result summary: OPTIMIZE=opt2_20
   Vpeak           =   20.9222u      
   avgiS           =   19.9053u      
   cargaTotal      =    7.9621f      

Parsing                      0.01 seconds
.TRAN Sweep                 14.04 seconds
Overhead                     0.90 seconds
-----------------------------------------
Total                       14.96 seconds

Simulation completed	with  2 Warnings