T-Spice - Tanner SPICE
Version 16.01
Network license
Product Release ID: T-Spice Win64 16.01.20130407.21:15:40
Copyright © 1988-2013 Tanner EDA

	Parsing "D:\pesquisa\Projeto SEE\Algoritmos\MeuModelo\src\bruno\Output\nand3\000\Passo1_nand3_000_OUTtoGND_FO4.sp"
	Including "D:\pesquisa\Projeto SEE\Algoritmos\MeuModelo\src\bruno\Output\nand3\000\ptm_90nm.l"

Start of Passo1_nand3_000_OUTtoGND_FO4.sp
Loaded BSIM4v450 model library, Berkeley BSIM4 v4.5.0

	Opening simulation database "D:\pesquisa\Projeto SEE\Algoritmos\MeuModelo\src\bruno\Output\nand3\000\Passo1_nand3_000_OUTtoGND_FO4.tsim"
Warning : "Passo1_nand3_000_OUTtoGND_FO4.sp" line 8 Power supply node VDD2 is singularly attached to V2, and will be terminated with a Gmin conductance
Warning : "Passo1_nand3_000_OUTtoGND_FO4.sp" line 9 Power supply node high is singularly attached to vinA, and will be terminated with a Gmin conductance

General options:
        threads = 1

 Device and node counts:
              MOSFETs -      14
    MOSFET geometries -       3
      Voltage sources -       4
      Current sources -       1
          Subcircuits -       5
    Model Definitions -       3
      Computed Models -       2
    Independent nodes -      60
       Boundary nodes -       5
          Total nodes -      65
*** 2 WARNING MESSAGES GENERATED DURING SETUP


Optimization model parameters:
  Level   = 1
  verbose = 1
  cendif  = 1e-009
  close   = 0.001
  cut     = 2
  difsiz  = 0.001
  grad    = 1e-006
  itropt  = 40
  max     = 600000
  parmin  = 0.1
  relin   = 0.001
  relout  = 0.001

Warning : Warning messages were issued, but were suppressed
        : during a sweep, optimization, or Monte Carlos analysis.
        : 	Use '.options maxmsg=0' to view all warnings.


Optimization parameters:
      iTotal = 2e-005            derivative = -9.80554e+024  

Optimization initialization: resid=1.18366e+012 grad=9.80554e+024 Marquardt=0.001

Optimization parameters:
      iTotal = 0.00145715        derivative = 8.19878e+023   


Measure information will be written to file "D:\pesquisa\Projeto SEE\Algoritmos\MeuModelo\src\bruno\Output\nand3\000\Passo1_nand3_000_OUTtoGND_FO4\Passo1_nand3_000_OUTtoGND_FO4.measure"

Measurement result summary: OPTIMIZE=opt2_1
   Vpeak           = -638.4249m      
   avgiS           =   46.8763u      
   cargaTotal      =   18.7505f      

Optimization iteration 1
                   Residual = 6.3828e+011
              Gradient norm = 8.19878e+023
        Marquardt parameter = 0.0005
       Function evaluations = 4
                  Converged = no
         Gradient converged = no
            Input converged = no
           Output converged = no

Measurement result summary: OPTIMIZE=opt2_2
   Vpeak           =    1.1837       
   avgiS           =  642.7541n      
   cargaTotal      =  257.1016a      

Optimization iteration 2
                   Residual = 6.3828e+011
              Gradient norm = 8.19878e+023
        Marquardt parameter = 0.002
       Function evaluations = 1
                  Converged = no
         Gradient converged = no
            Input converged = no
           Output converged = no

Measurement result summary: OPTIMIZE=opt2_3
   Vpeak           =    1.1837       
   avgiS           =  642.7541n      
   cargaTotal      =  257.1016a      

Optimization iteration 3
                   Residual = 6.3828e+011
              Gradient norm = 8.19878e+023
        Marquardt parameter = 0.008
       Function evaluations = 1
                  Converged = no
         Gradient converged = no
            Input converged = no
           Output converged = no

Measurement result summary: OPTIMIZE=opt2_4
   Vpeak           =    1.1837       
   avgiS           =  642.7541n      
   cargaTotal      =  257.1016a      

Optimization iteration 4
                   Residual = 6.3828e+011
              Gradient norm = 8.19878e+023
        Marquardt parameter = 0.032
       Function evaluations = 1
                  Converged = no
         Gradient converged = no
            Input converged = no
           Output converged = no

Measurement result summary: OPTIMIZE=opt2_5
   Vpeak           =    1.1837       
   avgiS           =  642.7541n      
   cargaTotal      =  257.1016a      

Optimization iteration 5
                   Residual = 6.3828e+011
              Gradient norm = 8.19878e+023
        Marquardt parameter = 0.128
       Function evaluations = 1
                  Converged = no
         Gradient converged = no
            Input converged = no
           Output converged = no

Measurement result summary: OPTIMIZE=opt2_6
   Vpeak           =    1.1837       
   avgiS           =  642.7541n      
   cargaTotal      =  257.1016a      

Optimization iteration 6
                   Residual = 6.3828e+011
              Gradient norm = 8.19878e+023
        Marquardt parameter = 0.512
       Function evaluations = 1
                  Converged = no
         Gradient converged = no
            Input converged = no
           Output converged = no

Measurement result summary: OPTIMIZE=opt2_7
   Vpeak           =    1.1837       
   avgiS           =  642.7541n      
   cargaTotal      =  257.1016a      

Optimization iteration 7
                   Residual = 6.3828e+011
              Gradient norm = 8.19878e+023
        Marquardt parameter = 2.048
       Function evaluations = 1
                  Converged = no
         Gradient converged = no
            Input converged = no
           Output converged = no

Optimization parameters:
      iTotal = 0.000764191       derivative = -5.25532e+024  


Measurement result summary: OPTIMIZE=opt2_8
   Vpeak           =  315.6169m      
   avgiS           =   24.5839u      
   cargaTotal      =    9.8336f      

Optimization iteration 8
                   Residual = 3.16715e+011
              Gradient norm = 5.25532e+024
        Marquardt parameter = 1.024
       Function evaluations = 2
                  Converged = no
         Gradient converged = no
            Input converged = no
           Output converged = no

Optimization parameters:
      iTotal = 0.000817998       derivative = -4.22999e+024  


Measurement result summary: OPTIMIZE=opt2_9
   Vpeak           =  235.7536m      
   avgiS           =   26.3149u      
   cargaTotal      =   10.5260f      

Optimization iteration 9
                   Residual = 2.37007e+011
              Gradient norm = 4.22999e+024
        Marquardt parameter = 0.512
       Function evaluations = 2
                  Converged = no
         Gradient converged = no
            Input converged = no
           Output converged = no

Optimization parameters:
      iTotal = 0.000885641       derivative = -2.55343e+024  


Measurement result summary: OPTIMIZE=opt2_10
   Vpeak           =  126.4665m      
   avgiS           =   28.4910u      
   cargaTotal      =   11.3964f      

Optimization iteration 10
                   Residual = 1.27971e+011
              Gradient norm = 2.55343e+024
        Marquardt parameter = 0.256
       Function evaluations = 2
                  Converged = no
         Gradient converged = no
            Input converged = no
           Output converged = no

Optimization parameters:
      iTotal = 0.000933379       derivative = -9.33222e+023  


Measurement result summary: OPTIMIZE=opt2_11
   Vpeak           =   42.5742m      
   avgiS           =   30.0267u      
   cargaTotal      =   12.0107f      

Optimization iteration 11
                   Residual = 4.42592e+010
              Gradient norm = 9.33222e+023
        Marquardt parameter = 0.128
       Function evaluations = 2
                  Converged = no
         Gradient converged = no
            Input converged = no
           Output converged = no

Optimization parameters:
      iTotal = 0.000952647       derivative = -1.81764e+023  


Measurement result summary: OPTIMIZE=opt2_12
   Vpeak           =    7.3887m      
   avgiS           =   30.6465u      
   cargaTotal      =   12.2586f      

Optimization iteration 12
                   Residual = 9.14242e+009
              Gradient norm = 1.81764e+023
        Marquardt parameter = 0.064
       Function evaluations = 2
                  Converged = no
         Gradient converged = no
            Input converged = no
           Output converged = no

Optimization parameters:
      iTotal = 0.000957034       derivative = -3.732e+021    


Measurement result summary: OPTIMIZE=opt2_13
   Vpeak           = -715.7302u      
   avgiS           =   30.7877u      
   cargaTotal      =   12.3151f      

Optimization iteration 13
                   Residual = 1.05349e+009
              Gradient norm = 3.732e+021
        Marquardt parameter = 0.032
       Function evaluations = 2
                  Converged = no
         Gradient converged = no
            Input converged = no
           Output converged = no

Measurement result summary: OPTIMIZE=opt2_14
   Vpeak           =   -4.1324m      
   avgiS           =   30.8470u      
   cargaTotal      =   12.3388f      

Optimization iteration 14
                   Residual = 1.05349e+009
              Gradient norm = 3.732e+021
        Marquardt parameter = 0.128
       Function evaluations = 1
                  Converged = no
         Gradient converged = no
            Input converged = no
           Output converged = no

Measurement result summary: OPTIMIZE=opt2_15
   Vpeak           =   -3.2863m      
   avgiS           =   30.8323u      
   cargaTotal      =   12.3329f      

Optimization iteration 15
                   Residual = 1.05349e+009
              Gradient norm = 3.732e+021
        Marquardt parameter = 0.512
       Function evaluations = 1
                  Converged = no
         Gradient converged = no
            Input converged = no
           Output converged = no

Measurement result summary: OPTIMIZE=opt2_16
   Vpeak           =   -1.3607m      
   avgiS           =   30.7989u      
   cargaTotal      =   12.3196f      

Optimization iteration 16
                   Residual = 1.05349e+009
              Gradient norm = 3.732e+021
        Marquardt parameter = 2.048
       Function evaluations = 1
                  Converged = no
         Gradient converged = no
            Input converged = no
           Output converged = no

Optimization parameters:
      iTotal = 0.000957355       derivative = 9.40632e+021   


Measurement result summary: OPTIMIZE=opt2_17
   Vpeak           =   -1.3107m      
   avgiS           =   30.7980u      
   cargaTotal      =   12.3192f      

Optimization iteration 17
                   Residual = 4.59677e+008
              Gradient norm = 9.40632e+021
        Marquardt parameter = 1.024
       Function evaluations = 2
                  Converged = no
         Gradient converged = no
            Input converged = yes
           Output converged = no

Measurement result summary: OPTIMIZE=opt2_18
   Vpeak           =  692.9918u      
   avgiS           =   30.7632u      
   cargaTotal      =   12.3053f      

Optimization iteration 18
                   Residual = 4.59677e+008
              Gradient norm = 9.40632e+021
        Marquardt parameter = 4.096
       Function evaluations = 1
                  Converged = no
         Gradient converged = no
            Input converged = yes
           Output converged = no

Measurement result summary: OPTIMIZE=opt2_19
   Vpeak           =  496.4835u      
   avgiS           =   30.7666u      
   cargaTotal      =   12.3066f      

Optimization iteration 19
                   Residual = 4.59677e+008
              Gradient norm = 9.40632e+021
        Marquardt parameter = 16.384
       Function evaluations = 1
                  Converged = no
         Gradient converged = no
            Input converged = yes
           Output converged = no

Measurement result summary: OPTIMIZE=opt2_20
   Vpeak           =  462.8397u      
   avgiS           =   30.7672u      
   cargaTotal      =   12.3069f      

Optimization iteration 20
                   Residual = 4.59677e+008
              Gradient norm = 9.40632e+021
        Marquardt parameter = 65.536
       Function evaluations = 1
                  Converged = no
         Gradient converged = no
            Input converged = yes
           Output converged = no

Measurement result summary: OPTIMIZE=opt2_21
   Vpeak           =  459.8927u      
   avgiS           =   30.7672u      
   cargaTotal      =   12.3069f      

Optimization iteration 21
                   Residual = 4.59677e+008
              Gradient norm = 9.40632e+021
        Marquardt parameter = 262.144
       Function evaluations = 1
                  Converged = no
         Gradient converged = no
            Input converged = yes
           Output converged = no

Measurement result summary: OPTIMIZE=opt2_22
   Vpeak           =  459.6906u      
   avgiS           =   30.7672u      
   cargaTotal      =   12.3069f      

Optimization iteration 22
                   Residual = 4.59677e+008
              Gradient norm = 9.40632e+021
        Marquardt parameter = 1048.58
       Function evaluations = 1
                  Converged = no
         Gradient converged = no
            Input converged = yes
           Output converged = no

Measurement result summary: OPTIMIZE=opt2_23
   Vpeak           =  459.6777u      
   avgiS           =   30.7672u      
   cargaTotal      =   12.3069f      

Optimization iteration 23
                   Residual = 4.59677e+008
              Gradient norm = 9.40632e+021
        Marquardt parameter = 4194.3
       Function evaluations = 1
                  Converged = no
         Gradient converged = no
            Input converged = yes
           Output converged = no

Measurement result summary: OPTIMIZE=opt2_24
   Vpeak           =  459.6769u      
   avgiS           =   30.7672u      
   cargaTotal      =   12.3069f      

Optimization iteration 24
                   Residual = 4.59677e+008
              Gradient norm = 9.40632e+021
        Marquardt parameter = 16777.2
       Function evaluations = 1
                  Converged = no
         Gradient converged = no
            Input converged = yes
           Output converged = no

Measurement result summary: OPTIMIZE=opt2_25
   Vpeak           =  459.6768u      
   avgiS           =   30.7672u      
   cargaTotal      =   12.3069f      

Optimization iteration 25
                   Residual = 4.59677e+008
              Gradient norm = 9.40632e+021
        Marquardt parameter = 67108.9
       Function evaluations = 1
                  Converged = no
         Gradient converged = no
            Input converged = yes
           Output converged = no

Measurement result summary: OPTIMIZE=opt2_26
   Vpeak           =  459.6768u      
   avgiS           =   30.7672u      
   cargaTotal      =   12.3069f      

Optimization iteration 26
                   Residual = 4.59677e+008
              Gradient norm = 9.40632e+021
        Marquardt parameter = 268435
       Function evaluations = 1
                  Converged = no
         Gradient converged = no
            Input converged = yes
           Output converged = no

Measurement result summary: OPTIMIZE=opt2_27
   Vpeak           =  459.6768u      
   avgiS           =   30.7672u      
   cargaTotal      =   12.3069f      

Optimization iteration 27
                   Residual = 4.59677e+008
              Gradient norm = 9.40632e+021
        Marquardt parameter = 1.07374e+006
       Function evaluations = 1
                  Converged = yes
         Gradient converged = no
            Input converged = yes
           Output converged = no

Optimization results:
                   Residual = 4.59677e+008
              Gradient norm = 9.40632e+021
        Marquardt parameter = 1.07374e+006
       Function evaluations = 37
       Number of iterations = 27
         Gradient converged = no
            Input converged = yes
           Output converged = no

Optimized parameter values:
   iTotal =  9.5736e-004

Measurement result summary: OPTIMIZE=opt2_27
   Vpeak           =  459.6768u      
   avgiS           =   30.7672u      
   cargaTotal      =   12.3069f      

Parsing                      0.00 seconds
.TRAN Sweep                  7.27 seconds
Overhead                     0.25 seconds
-----------------------------------------
Total                        7.52 seconds

Simulation completed	with  3 Warnings