T-Spice - Tanner SPICE
Version 16.01
Network license
Product Release ID: T-Spice Win64 16.01.20130407.21:15:40
Copyright © 1988-2013 Tanner EDA

	Parsing "D:\pesquisa\Projeto SEE\Algoritmos\MeuModelo\src\bruno\Output\inv\0\Passo1_inv_0_OUTtoGND_FO4.sp"
	Including "D:\pesquisa\Projeto SEE\Algoritmos\MeuModelo\src\bruno\Output\inv\0\ptm_90nm.l"

Start of Passo1_inv_0_OUTtoGND_FO4.sp
Loaded BSIM4v450 model library, Berkeley BSIM4 v4.5.0

	Opening simulation database "D:\pesquisa\Projeto SEE\Algoritmos\MeuModelo\src\bruno\Output\inv\0\Passo1_inv_0_OUTtoGND_FO4.tsim"
Warning : "Passo1_inv_0_OUTtoGND_FO4.sp" line 8 Power supply node VDD2 is singularly attached to V2, and will be terminated with a Gmin conductance
Warning : "Passo1_inv_0_OUTtoGND_FO4.sp" line 9 Power supply node high is singularly attached to vinA, and will be terminated with a Gmin conductance

General options:
        threads = 1

 Device and node counts:
              MOSFETs -      10
    MOSFET geometries -       2
      Voltage sources -       4
      Current sources -       1
          Subcircuits -       5
    Model Definitions -       3
      Computed Models -       2
    Independent nodes -      42
       Boundary nodes -       5
          Total nodes -      47
*** 2 WARNING MESSAGES GENERATED DURING SETUP


Optimization model parameters:
  Level   = 1
  verbose = 1
  cendif  = 1e-009
  close   = 0.001
  cut     = 2
  difsiz  = 0.001
  grad    = 1e-006
  itropt  = 40
  max     = 600000
  parmin  = 0.1
  relin   = 0.001
  relout  = 0.001

Warning : Warning messages were issued, but were suppressed
        : during a sweep, optimization, or Monte Carlos analysis.
        : 	Use '.options maxmsg=0' to view all warnings.


Optimization parameters:
      iTotal = 2e-005            derivative = -2.32976e+025  

Optimization initialization: resid=1.16065e+012 grad=2.32976e+025 Marquardt=0.001

Optimization parameters:
      iTotal = 0.000601434       derivative = 3.36881e+024   


Measure information will be written to file "D:\pesquisa\Projeto SEE\Algoritmos\MeuModelo\src\bruno\Output\inv\0\Passo1_inv_0_OUTtoGND_FO4\Passo1_inv_0_OUTtoGND_FO4.measure"

Measurement result summary: OPTIMIZE=opt2_1
   Vpeak           = -111.2517m      
   avgiS           =   19.3480u      
   cargaTotal      =    7.7392f      

Optimization iteration 1
                   Residual = 1.0962e+011
              Gradient norm = 3.36881e+024
        Marquardt parameter = 0.0005
       Function evaluations = 4
                  Converged = no
         Gradient converged = no
            Input converged = no
           Output converged = no

Optimization parameters:
      iTotal = 0.000561072       derivative = 9.76923e+022   


Measurement result summary: OPTIMIZE=opt2_2
   Vpeak           =   -4.1128m      
   avgiS           =   18.0496u      
   cargaTotal      =    7.2199f      

Optimization iteration 2
                   Residual = 2.66347e+009
              Gradient norm = 9.76923e+022
        Marquardt parameter = 0.00025
       Function evaluations = 2
                  Converged = no
         Gradient converged = no
            Input converged = no
           Output converged = no

Optimization parameters:
      iTotal = 0.000560042       derivative = 2.09169e+022   


Measurement result summary: OPTIMIZE=opt2_3
   Vpeak           =   -1.4489m      
   avgiS           =   18.0165u      
   cargaTotal      =    7.2066f      

Optimization iteration 3
                   Residual = 4.38526e+006
              Gradient norm = 2.09169e+022
        Marquardt parameter = 0.000125
       Function evaluations = 2
                  Converged = no
         Gradient converged = no
            Input converged = yes
           Output converged = no

Optimization parameters:
      iTotal = 0.00056004        derivative = 2.07906e+022   


Measurement result summary: OPTIMIZE=opt2_4
   Vpeak           =   -1.4445m      
   avgiS           =   18.0164u      
   cargaTotal      =    7.2066f      

Optimization iteration 4
                   Residual = 2866.12
              Gradient norm = 2.07906e+022
        Marquardt parameter = 6.25e-005
       Function evaluations = 2
                  Converged = no
         Gradient converged = no
            Input converged = yes
           Output converged = no

Optimization parameters:
      iTotal = 0.00056004        derivative = 2.07905e+022   


Measurement result summary: OPTIMIZE=opt2_5
   Vpeak           =   -1.4445m      
   avgiS           =   18.0164u      
   cargaTotal      =    7.2066f      

Optimization iteration 5
                   Residual = 1.51992
              Gradient norm = 2.07905e+022
        Marquardt parameter = 3.125e-005
       Function evaluations = 2
                  Converged = no
         Gradient converged = no
            Input converged = yes
           Output converged = no

Optimization parameters:
      iTotal = 0.00056004        derivative = 2.07905e+022   


Measurement result summary: OPTIMIZE=opt2_6
   Vpeak           =   -1.4445m      
   avgiS           =   18.0164u      
   cargaTotal      =    7.2066f      

Optimization iteration 6
                   Residual = 0.00411207
              Gradient norm = 2.07905e+022
        Marquardt parameter = 1.5625e-005
       Function evaluations = 2
                  Converged = no
         Gradient converged = no
            Input converged = yes
           Output converged = no

Optimization parameters:
      iTotal = 0.00056004        derivative = 2.07905e+022   


Measurement result summary: OPTIMIZE=opt2_7
   Vpeak           =   -1.4445m      
   avgiS           =   18.0164u      
   cargaTotal      =    7.2066f      

Optimization iteration 7
                   Residual = 0.000278217
              Gradient norm = 2.07905e+022
        Marquardt parameter = 7.8125e-006
       Function evaluations = 2
                  Converged = yes
         Gradient converged = no
            Input converged = yes
           Output converged = yes

Optimization results:
                   Residual = 0.000278217
              Gradient norm = 2.07905e+022
        Marquardt parameter = 7.8125e-006
       Function evaluations = 16
       Number of iterations = 7
         Gradient converged = no
            Input converged = yes
           Output converged = yes

Optimized parameter values:
   iTotal =  5.6004e-004

Measurement result summary: OPTIMIZE=opt2_7
   Vpeak           =   -3.1073f      
   avgiS           =   17.9984u      
   cargaTotal      =    7.1994f      

Parsing                      0.00 seconds
.TRAN Sweep                  2.82 seconds
Overhead                     0.35 seconds
-----------------------------------------
Total                        3.17 seconds

Simulation completed	with  3 Warnings