T-Spice - Tanner SPICE
Version 16.01
Network license
Product Release ID: T-Spice Win64 16.01.20130407.21:15:40
Copyright © 1988-2013 Tanner EDA

	Parsing "D:\pesquisa\Projeto SEE\Algoritmos\MeuModelo\src\bruno\Output\nand3\100\Passo1_nand3_100_PD_N1toGND_FO4.sp"
	Including "D:\pesquisa\Projeto SEE\Algoritmos\MeuModelo\src\bruno\Output\nand3\100\ptm_90nm.l"

Start of Passo1_nand3_100_PD_N1toGND_FO4.sp
Loaded BSIM4v450 model library, Berkeley BSIM4 v4.5.0

	Opening simulation database "D:\pesquisa\Projeto SEE\Algoritmos\MeuModelo\src\bruno\Output\nand3\100\Passo1_nand3_100_PD_N1toGND_FO4.tsim"
Warning : "Passo1_nand3_100_PD_N1toGND_FO4.sp" line 8 Power supply node VDD2 is singularly attached to V2, and will be terminated with a Gmin conductance

General options:
        threads = 1

 Device and node counts:
              MOSFETs -      14
    MOSFET geometries -       3
      Voltage sources -       4
      Current sources -       1
          Subcircuits -       5
    Model Definitions -       3
      Computed Models -       2
    Independent nodes -      60
       Boundary nodes -       5
          Total nodes -      65
*** 1 WARNING MESSAGE GENERATED DURING SETUP


Optimization model parameters:
  Level   = 1
  verbose = 1
  cendif  = 1e-009
  close   = 0.001
  cut     = 2
  difsiz  = 0.001
  grad    = 1e-006
  itropt  = 40
  max     = 600000
  parmin  = 0.1
  relin   = 0.001
  relout  = 0.001

Warning : Warning messages were issued, but were suppressed
        : during a sweep, optimization, or Monte Carlos analysis.
        : 	Use '.options maxmsg=0' to view all warnings.


Optimization parameters:
      iTotal = 2e-005            derivative = -3.69792e+025  

Optimization initialization: resid=7.13507e+011 grad=3.69792e+025 Marquardt=0.001

Optimization parameters:
      iTotal = 0.000158245       derivative = -6.00712e+024  


Measure information will be written to file "D:\pesquisa\Projeto SEE\Algoritmos\MeuModelo\src\bruno\Output\nand3\100\Passo1_nand3_100_PD_N1toGND_FO4\Passo1_nand3_100_PD_N1toGND_FO4.measure"

Measurement result summary: OPTIMIZE=opt2_1
   Vpeak           =  490.4255m      
   avgiS           =    5.1016u      
   cargaTotal      =    2.0407f      

Optimization iteration 1
                   Residual = 4.91014e+011
              Gradient norm = 6.00712e+024
        Marquardt parameter = 0.0005
       Function evaluations = 4
                  Converged = no
         Gradient converged = no
            Input converged = no
           Output converged = no

Optimization parameters:
      iTotal = 0.000573238       derivative = -5.62818e+022  


Measurement result summary: OPTIMIZE=opt2_2
   Vpeak           =    3.7798m      
   avgiS           =   18.4410u      
   cargaTotal      =    7.3764f      

Optimization iteration 2
                   Residual = 4.47827e+009
              Gradient norm = 5.62818e+022
        Marquardt parameter = 0.00025
       Function evaluations = 2
                  Converged = no
         Gradient converged = no
            Input converged = no
           Output converged = no

Optimization parameters:
      iTotal = 0.000576911       derivative = 4.80502e+021   


Measurement result summary: OPTIMIZE=opt2_3
   Vpeak           = -703.7654u      
   avgiS           =   18.5592u      
   cargaTotal      =    7.4237f      

Optimization iteration 3
                   Residual = 32023.1
              Gradient norm = 4.80502e+021
        Marquardt parameter = 0.000125
       Function evaluations = 2
                  Converged = no
         Gradient converged = no
            Input converged = no
           Output converged = no

Measurement result summary: OPTIMIZE=opt2_4
   Vpeak           =   64.0376n      
   avgiS           =   18.5406u      
   cargaTotal      =    7.4162f      

Optimization iteration 4
                   Residual = 32023.1
              Gradient norm = 4.80502e+021
        Marquardt parameter = 0.0005
       Function evaluations = 1
                  Converged = no
         Gradient converged = no
            Input converged = no
           Output converged = no

Measurement result summary: OPTIMIZE=opt2_5
   Vpeak           =   64.0137n      
   avgiS           =   18.5406u      
   cargaTotal      =    7.4162f      

Optimization iteration 5
                   Residual = 32023.1
              Gradient norm = 4.80502e+021
        Marquardt parameter = 0.002
       Function evaluations = 1
                  Converged = no
         Gradient converged = no
            Input converged = no
           Output converged = no

Measurement result summary: OPTIMIZE=opt2_6
   Vpeak           =   63.9187n      
   avgiS           =   18.5406u      
   cargaTotal      =    7.4162f      

Optimization iteration 6
                   Residual = 32023.1
              Gradient norm = 4.80502e+021
        Marquardt parameter = 0.008
       Function evaluations = 1
                  Converged = no
         Gradient converged = no
            Input converged = no
           Output converged = no

Measurement result summary: OPTIMIZE=opt2_7
   Vpeak           =   63.5398n      
   avgiS           =   18.5406u      
   cargaTotal      =    7.4162f      

Optimization iteration 7
                   Residual = 32023.1
              Gradient norm = 4.80502e+021
        Marquardt parameter = 0.032
       Function evaluations = 1
                  Converged = no
         Gradient converged = no
            Input converged = no
           Output converged = no

Measurement result summary: OPTIMIZE=opt2_8
   Vpeak           =   62.0909n      
   avgiS           =   18.5406u      
   cargaTotal      =    7.4162f      

Optimization iteration 8
                   Residual = 32023.1
              Gradient norm = 4.80502e+021
        Marquardt parameter = 0.128
       Function evaluations = 1
                  Converged = no
         Gradient converged = no
            Input converged = no
           Output converged = no

Measurement result summary: OPTIMIZE=opt2_9
   Vpeak           =   57.1904n      
   avgiS           =   18.5406u      
   cargaTotal      =    7.4162f      

Optimization iteration 9
                   Residual = 32023.1
              Gradient norm = 4.80502e+021
        Marquardt parameter = 0.512
       Function evaluations = 1
                  Converged = no
         Gradient converged = no
            Input converged = no
           Output converged = no

Measurement result summary: OPTIMIZE=opt2_10
   Vpeak           =   46.0302n      
   avgiS           =   18.5406u      
   cargaTotal      =    7.4162f      

Optimization iteration 10
                   Residual = 32023.1
              Gradient norm = 4.80502e+021
        Marquardt parameter = 2.048
       Function evaluations = 1
                  Converged = no
         Gradient converged = no
            Input converged = no
           Output converged = no

Measurement result summary: OPTIMIZE=opt2_11
   Vpeak           =   35.4701n      
   avgiS           =   18.5406u      
   cargaTotal      =    7.4162f      

Optimization iteration 11
                   Residual = 32023.1
              Gradient norm = 4.80502e+021
        Marquardt parameter = 8.192
       Function evaluations = 1
                  Converged = no
         Gradient converged = no
            Input converged = no
           Output converged = no

Measurement result summary: OPTIMIZE=opt2_12
   Vpeak           =   32.4024n      
   avgiS           =   18.5406u      
   cargaTotal      =    7.4162f      

Optimization iteration 12
                   Residual = 32023.1
              Gradient norm = 4.80502e+021
        Marquardt parameter = 32.768
       Function evaluations = 1
                  Converged = no
         Gradient converged = no
            Input converged = no
           Output converged = no

Measurement result summary: OPTIMIZE=opt2_13
   Vpeak           =   32.0512n      
   avgiS           =   18.5406u      
   cargaTotal      =    7.4162f      

Optimization iteration 13
                   Residual = 32023.1
              Gradient norm = 4.80502e+021
        Marquardt parameter = 131.072
       Function evaluations = 1
                  Converged = no
         Gradient converged = no
            Input converged = no
           Output converged = no

Measurement result summary: OPTIMIZE=opt2_14
   Vpeak           =   32.0249n      
   avgiS           =   18.5406u      
   cargaTotal      =    7.4162f      

Optimization iteration 14
                   Residual = 32023.1
              Gradient norm = 4.80502e+021
        Marquardt parameter = 524.288
       Function evaluations = 1
                  Converged = no
         Gradient converged = no
            Input converged = no
           Output converged = no

Measurement result summary: OPTIMIZE=opt2_15
   Vpeak           =   32.0235n      
   avgiS           =   18.5406u      
   cargaTotal      =    7.4162f      

Optimization iteration 15
                   Residual = 32023.1
              Gradient norm = 4.80502e+021
        Marquardt parameter = 2097.15
       Function evaluations = 1
                  Converged = no
         Gradient converged = no
            Input converged = no
           Output converged = no

Measurement result summary: OPTIMIZE=opt2_16
   Vpeak           =   32.0231n      
   avgiS           =   18.5406u      
   cargaTotal      =    7.4162f      

Optimization iteration 16
                   Residual = 32023.1
              Gradient norm = 4.80502e+021
        Marquardt parameter = 8388.61
       Function evaluations = 1
                  Converged = no
         Gradient converged = no
            Input converged = no
           Output converged = no

Measurement result summary: OPTIMIZE=opt2_17
   Vpeak           =   32.0231n      
   avgiS           =   18.5406u      
   cargaTotal      =    7.4162f      

Optimization iteration 17
                   Residual = 32023.1
              Gradient norm = 4.80502e+021
        Marquardt parameter = 33554.4
       Function evaluations = 1
                  Converged = no
         Gradient converged = no
            Input converged = no
           Output converged = no

Optimization parameters:
      iTotal = 0.000576911       derivative = 4.80502e+021   


Measurement result summary: OPTIMIZE=opt2_18
   Vpeak           = -703.7654u      
   avgiS           =   18.5592u      
   cargaTotal      =    7.4237f      

Optimization iteration 18
                   Residual = 32022.4
              Gradient norm = 4.80502e+021
        Marquardt parameter = 16777.2
       Function evaluations = 2
                  Converged = yes
         Gradient converged = no
            Input converged = yes
           Output converged = yes

Optimization results:
                   Residual = 32022.4
              Gradient norm = 4.80502e+021
        Marquardt parameter = 16777.2
       Function evaluations = 24
       Number of iterations = 18
         Gradient converged = no
            Input converged = yes
           Output converged = yes

Optimized parameter values:
   iTotal =  5.7691e-004

Measurement result summary: OPTIMIZE=opt2_18
   Vpeak           =   32.0231n      
   avgiS           =   18.5406u      
   cargaTotal      =    7.4162f      

Parsing                      0.01 seconds
.TRAN Sweep                  5.37 seconds
Overhead                     0.33 seconds
-----------------------------------------
Total                        5.70 seconds

Simulation completed	with  2 Warnings