T-Spice - Tanner SPICE
Version 16.01
Network license
Product Release ID: T-Spice Win64 16.01.20130407.21:15:40
Copyright © 1988-2013 Tanner EDA

	Parsing "D:\pesquisa\Projeto SEE\Algoritmos\MeuModelo\src\bruno\Output\nand3\000\Passo2_nand3_000_OUTtoGND_FO4.sp"
	Including "D:\pesquisa\Projeto SEE\Algoritmos\MeuModelo\src\bruno\Output\nand3\000\ptm_90nm.l"

Start of Passo2_nand3_000_OUTtoGND_FO4.sp
Loaded BSIM4v450 model library, Berkeley BSIM4 v4.5.0

	Opening simulation database "D:\pesquisa\Projeto SEE\Algoritmos\MeuModelo\src\bruno\Output\nand3\000\Passo2_nand3_000_OUTtoGND_FO4.tsim"
Warning : "Passo2_nand3_000_OUTtoGND_FO4.sp" line 10 Power supply node VDD2 is singularly attached to V2, and will be terminated with a Gmin conductance
Warning : "Passo2_nand3_000_OUTtoGND_FO4.sp" line 12 Power supply node high is singularly attached to vinA, and will be terminated with a Gmin conductance

General options:
        threads = 1

 Device and node counts:
              MOSFETs -      14
    MOSFET geometries -       3
      Voltage sources -       7
      Current sources -       2
                 CCCS -       1
          Subcircuits -       5
    Model Definitions -       2
      Computed Models -       2
    Independent nodes -      66
       Boundary nodes -       5
          Total nodes -      71
*** 2 WARNING MESSAGES GENERATED DURING SETUP


Measure information will be written to file "D:\pesquisa\Projeto SEE\Algoritmos\MeuModelo\src\bruno\Output\nand3\000\Passo2_nand3_000_OUTtoGND_FO4\Passo2_nand3_000_OUTtoGND_FO4.measure"

Measurement result summary
   setTracker      =  450.9887u      
   vPeakMin        =    2.1568m      
   vPeakMax        =    2.3798m      
   avgPrompt       =   30.7674u      
   cargaPrompt     =   12.3070f      
   avgHold         =  117.9462u      
   cargaHold       =   47.1785f      

Parsing                      0.00 seconds
Setup                        0.01 seconds
DC operating point           0.00 seconds
Transient Analysis           0.56 seconds
Overhead                     0.73 seconds
-----------------------------------------
Total                        1.31 seconds

Simulation completed	with  2 Warnings