T-Spice - Tanner SPICE
Version 16.01
Network license
Product Release ID: T-Spice Win64 16.01.20130407.21:15:40
Copyright © 1988-2013 Tanner EDA

	Parsing "D:\pesquisa\Projeto SEE\Algoritmos\MeuModelo\src\bruno\Output\nor3\100\Passo2_nor3_100_VDDtoPU_N1_FO4.sp"
	Including "D:\pesquisa\Projeto SEE\Algoritmos\MeuModelo\src\bruno\Output\nor3\100\ptm_90nm.l"

Start of Passo2_nor3_100_VDDtoPU_N1_FO4.sp
Loaded BSIM4v450 model library, Berkeley BSIM4 v4.5.0

	Opening simulation database "D:\pesquisa\Projeto SEE\Algoritmos\MeuModelo\src\bruno\Output\nor3\100\Passo2_nor3_100_VDDtoPU_N1_FO4.tsim"
Warning : "Passo2_nor3_100_VDDtoPU_N1_FO4.sp" line 10 Power supply node VDD2 is singularly attached to V2, and will be terminated with a Gmin conductance

General options:
        threads = 1

 Device and node counts:
              MOSFETs -      14
    MOSFET geometries -       3
      Voltage sources -       6
      Current sources -       2
                 CCCS -       1
          Subcircuits -       5
    Model Definitions -       2
      Computed Models -       2
    Independent nodes -      64
       Boundary nodes -       5
          Total nodes -      69
*** 1 WARNING MESSAGE GENERATED DURING SETUP


Measure information will be written to file "D:\pesquisa\Projeto SEE\Algoritmos\MeuModelo\src\bruno\Output\nor3\100\Passo2_nor3_100_VDDtoPU_N1_FO4\Passo2_nor3_100_VDDtoPU_N1_FO4.measure"

Measurement result summary
   setTracker      =    1.2136       
   vPeakMin        =    1.2131       
   vPeakMax        =    1.2131       
   avgPrompt       =   12.0218u      
   cargaPrompt     =    4.8087f      
   avgHold         =   51.5501u      
   cargaHold       =   20.6201f      

Parsing                      0.01 seconds
Setup                        0.01 seconds
DC operating point           0.00 seconds
Transient Analysis           0.75 seconds
Overhead                     0.44 seconds
-----------------------------------------
Total                        1.21 seconds

Simulation completed	with  1 Warning