T-Spice - Tanner SPICE
Version 16.01
Network license
Product Release ID: T-Spice Win64 16.01.20130407.21:15:40
Copyright © 1988-2013 Tanner EDA

	Parsing "D:\pesquisa\Projeto SEE\Algoritmos\MeuModelo\src\bruno\Output\nor3\111\Passo1_nor3_111_VDDtoOUT_FO8.sp"
	Including "D:\pesquisa\Projeto SEE\Algoritmos\MeuModelo\src\bruno\Output\nor3\111\ptm_90nm.l"

Start of Passo1_nor3_111_VDDtoOUT_FO8.sp
Loaded BSIM4v450 model library, Berkeley BSIM4 v4.5.0

	Opening simulation database "D:\pesquisa\Projeto SEE\Algoritmos\MeuModelo\src\bruno\Output\nor3\111\Passo1_nor3_111_VDDtoOUT_FO8.tsim"
Warning : "Passo1_nor3_111_VDDtoOUT_FO8.sp" line 8 Power supply node VDD2 is singularly attached to V2, and will be terminated with a Gmin conductance
Warning : "Passo1_nor3_111_VDDtoOUT_FO8.sp" line 10 Power supply node low is singularly attached to vinB, and will be terminated with a Gmin conductance

General options:
        threads = 1

 Device and node counts:
              MOSFETs -      22
    MOSFET geometries -       3
      Voltage sources -       4
      Current sources -       1
          Subcircuits -       9
    Model Definitions -       3
      Computed Models -       2
    Independent nodes -      92
       Boundary nodes -       5
          Total nodes -      97
*** 2 WARNING MESSAGES GENERATED DURING SETUP


Optimization model parameters:
  Level   = 1
  verbose = 1
  cendif  = 1e-009
  close   = 0.001
  cut     = 2
  difsiz  = 0.001
  grad    = 1e-006
  itropt  = 40
  max     = 600000
  parmin  = 0.1
  relin   = 0.001
  relout  = 0.001

Warning : Warning messages were issued, but were suppressed
        : during a sweep, optimization, or Monte Carlos analysis.
        : 	Use '.options maxmsg=0' to view all warnings.


Optimization parameters:
      iTotal = 2e-005            derivative = -3.63533       

Optimization initialization: resid=0.992749 grad=3.63533 Marquardt=0.001

Optimization parameters:
      iTotal = 0.00274702        derivative = 0.219522       


Measure information will be written to file "D:\pesquisa\Projeto SEE\Algoritmos\MeuModelo\src\bruno\Output\nor3\111\Passo1_nor3_111_VDDtoOUT_FO8\Passo1_nor3_111_VDDtoOUT_FO8.measure"

Measurement result summary: OPTIMIZE=opt2_1
   Vpeak           =    1.8830       
   avgiS           =   88.3758u      
   cargaTotal      =   35.3503f      

Optimization iteration 1
                   Residual = 0.569128
              Gradient norm = 0.219522
        Marquardt parameter = 0.0005
       Function evaluations = 4
                  Converged = no
         Gradient converged = no
            Input converged = no
           Output converged = no

Measurement result summary: OPTIMIZE=opt2_2
   Vpeak           =    8.7014m      
   avgiS           =  642.7541n      
   cargaTotal      =  257.1016a      

Optimization iteration 2
                   Residual = 0.569128
              Gradient norm = 0.219522
        Marquardt parameter = 0.002
       Function evaluations = 1
                  Converged = no
         Gradient converged = no
            Input converged = no
           Output converged = no

Measurement result summary: OPTIMIZE=opt2_3
   Vpeak           =    8.7014m      
   avgiS           =  642.7541n      
   cargaTotal      =  257.1016a      

Optimization iteration 3
                   Residual = 0.569128
              Gradient norm = 0.219522
        Marquardt parameter = 0.008
       Function evaluations = 1
                  Converged = no
         Gradient converged = no
            Input converged = no
           Output converged = no

Measurement result summary: OPTIMIZE=opt2_4
   Vpeak           =    8.7014m      
   avgiS           =  642.7541n      
   cargaTotal      =  257.1016a      

Optimization iteration 4
                   Residual = 0.569128
              Gradient norm = 0.219522
        Marquardt parameter = 0.032
       Function evaluations = 1
                  Converged = no
         Gradient converged = no
            Input converged = no
           Output converged = no

Measurement result summary: OPTIMIZE=opt2_5
   Vpeak           =    8.7014m      
   avgiS           =  642.7541n      
   cargaTotal      =  257.1016a      

Optimization iteration 5
                   Residual = 0.569128
              Gradient norm = 0.219522
        Marquardt parameter = 0.128
       Function evaluations = 1
                  Converged = no
         Gradient converged = no
            Input converged = no
           Output converged = no

Measurement result summary: OPTIMIZE=opt2_6
   Vpeak           =    8.7014m      
   avgiS           =  642.7541n      
   cargaTotal      =  257.1016a      

Optimization iteration 6
                   Residual = 0.569128
              Gradient norm = 0.219522
        Marquardt parameter = 0.512
       Function evaluations = 1
                  Converged = no
         Gradient converged = no
            Input converged = no
           Output converged = no

Measurement result summary: OPTIMIZE=opt2_7
   Vpeak           =    8.7014m      
   avgiS           =  642.7541n      
   cargaTotal      =  257.1016a      

Optimization iteration 7
                   Residual = 0.569128
              Gradient norm = 0.219522
        Marquardt parameter = 2.048
       Function evaluations = 1
                  Converged = no
         Gradient converged = no
            Input converged = no
           Output converged = no

Measurement result summary: OPTIMIZE=opt2_8
   Vpeak           =  136.0024m      
   avgiS           =    8.9895u      
   cargaTotal      =    3.5958f      

Optimization iteration 8
                   Residual = 0.569128
              Gradient norm = 0.219522
        Marquardt parameter = 8.192
       Function evaluations = 1
                  Converged = no
         Gradient converged = no
            Input converged = no
           Output converged = no

Optimization parameters:
      iTotal = 0.00247573        derivative = 0.194672       


Measurement result summary: OPTIMIZE=opt2_9
   Vpeak           =    1.8752       
   avgiS           =   79.6450u      
   cargaTotal      =   31.8580f      

Optimization iteration 9
                   Residual = 0.56265
              Gradient norm = 0.194672
        Marquardt parameter = 4.096
       Function evaluations = 2
                  Converged = no
         Gradient converged = no
            Input converged = no
           Output converged = no

Optimization parameters:
      iTotal = 0.00153691        derivative = 1.32178        


Measurement result summary: OPTIMIZE=opt2_10
   Vpeak           =    1.2963       
   avgiS           =   49.4422u      
   cargaTotal      =   19.7769f      

Optimization iteration 10
                   Residual = 0.078293
              Gradient norm = 1.32178
        Marquardt parameter = 2.048
       Function evaluations = 2
                  Converged = no
         Gradient converged = no
            Input converged = no
           Output converged = no

Optimization parameters:
      iTotal = 0.00153028        derivative = 1.17633        


Measurement result summary: OPTIMIZE=opt2_11
   Vpeak           =    1.2862       
   avgiS           =   49.2289u      
   cargaTotal      =   19.6916f      

Optimization iteration 11
                   Residual = 0.0698827
              Gradient norm = 1.17633
        Marquardt parameter = 1.024
       Function evaluations = 2
                  Converged = no
         Gradient converged = no
            Input converged = no
           Output converged = no

Optimization parameters:
      iTotal = 0.00151682        derivative = 0.885825       


Measurement result summary: OPTIMIZE=opt2_12
   Vpeak           =    1.2658       
   avgiS           =   48.7959u      
   cargaTotal      =   19.5184f      

Optimization iteration 12
                   Residual = 0.0528902
              Gradient norm = 0.885825
        Marquardt parameter = 0.512
       Function evaluations = 2
                  Converged = no
         Gradient converged = no
            Input converged = no
           Output converged = no

Optimization parameters:
      iTotal = 0.00149844        derivative = 0.500114       


Measurement result summary: OPTIMIZE=opt2_13
   Vpeak           =    1.2381       
   avgiS           =   48.2045u      
   cargaTotal      =   19.2818f      

Optimization iteration 13
                   Residual = 0.0298802
              Gradient norm = 0.500114
        Marquardt parameter = 0.256
       Function evaluations = 2
                  Converged = no
         Gradient converged = no
            Input converged = no
           Output converged = no

Optimization parameters:
      iTotal = 0.00148322        derivative = 0.191662       


Measurement result summary: OPTIMIZE=opt2_14
   Vpeak           =    1.2154       
   avgiS           =   47.7150u      
   cargaTotal      =   19.0860f      

Optimization iteration 14
                   Residual = 0.01104
              Gradient norm = 0.191662
        Marquardt parameter = 0.128
       Function evaluations = 2
                  Converged = no
         Gradient converged = no
            Input converged = no
           Output converged = no

Optimization parameters:
      iTotal = 0.00147618        derivative = 0.0525041      


Measurement result summary: OPTIMIZE=opt2_15
   Vpeak           =    1.2050       
   avgiS           =   47.4886u      
   cargaTotal      =   18.9954f      

Optimization iteration 15
                   Residual = 0.00238951
              Gradient norm = 0.0525041
        Marquardt parameter = 0.064
       Function evaluations = 2
                  Converged = no
         Gradient converged = no
            Input converged = no
           Output converged = no

Optimization parameters:
      iTotal = 0.00147446        derivative = 0.0188447      


Measurement result summary: OPTIMIZE=opt2_16
   Vpeak           =    1.2025       
   avgiS           =   47.4333u      
   cargaTotal      =   18.9733f      

Optimization iteration 16
                   Residual = 0.000281316
              Gradient norm = 0.0188447
        Marquardt parameter = 0.032
       Function evaluations = 2
                  Converged = yes
         Gradient converged = no
            Input converged = yes
           Output converged = yes

Optimization results:
                   Residual = 0.000281316
              Gradient norm = 0.0188447
        Marquardt parameter = 0.032
       Function evaluations = 27
       Number of iterations = 16
         Gradient converged = no
            Input converged = yes
           Output converged = yes

Optimized parameter values:
   iTotal =  1.4745e-003

Measurement result summary: OPTIMIZE=opt2_16
   Vpeak           =    1.2003       
   avgiS           =   47.3859u      
   cargaTotal      =   18.9544f      

Parsing                      0.01 seconds
.TRAN Sweep                 10.19 seconds
Overhead                     0.89 seconds
-----------------------------------------
Total                       11.09 seconds

Simulation completed	with  3 Warnings