T-Spice - Tanner SPICE
Version 16.01
Network license
Product Release ID: T-Spice Win64 16.01.20130407.21:15:40
Copyright © 1988-2013 Tanner EDA

	Parsing "D:\pesquisa\Projeto SEE\Algoritmos\MeuModelo\src\bruno\Output\nor3\111\Passo1_nor3_111_VDDtoOUT_FO4.sp"
	Including "D:\pesquisa\Projeto SEE\Algoritmos\MeuModelo\src\bruno\Output\nor3\111\ptm_90nm.l"

Start of Passo1_nor3_111_VDDtoOUT_FO4.sp
Loaded BSIM4v450 model library, Berkeley BSIM4 v4.5.0

	Opening simulation database "D:\pesquisa\Projeto SEE\Algoritmos\MeuModelo\src\bruno\Output\nor3\111\Passo1_nor3_111_VDDtoOUT_FO4.tsim"
Warning : "Passo1_nor3_111_VDDtoOUT_FO4.sp" line 8 Power supply node VDD2 is singularly attached to V2, and will be terminated with a Gmin conductance
Warning : "Passo1_nor3_111_VDDtoOUT_FO4.sp" line 10 Power supply node low is singularly attached to vinB, and will be terminated with a Gmin conductance

General options:
        threads = 1

 Device and node counts:
              MOSFETs -      14
    MOSFET geometries -       3
      Voltage sources -       4
      Current sources -       1
          Subcircuits -       5
    Model Definitions -       3
      Computed Models -       2
    Independent nodes -      60
       Boundary nodes -       5
          Total nodes -      65
*** 2 WARNING MESSAGES GENERATED DURING SETUP


Optimization model parameters:
  Level   = 1
  verbose = 1
  cendif  = 1e-009
  close   = 0.001
  cut     = 2
  difsiz  = 0.001
  grad    = 1e-006
  itropt  = 40
  max     = 600000
  parmin  = 0.1
  relin   = 0.001
  relout  = 0.001

Warning : Warning messages were issued, but were suppressed
        : during a sweep, optimization, or Monte Carlos analysis.
        : 	Use '.options maxmsg=0' to view all warnings.


Optimization parameters:
      iTotal = 2e-005            derivative = -3.79887       

Optimization initialization: resid=0.992437 grad=3.79887 Marquardt=0.001

Optimization parameters:
      iTotal = 0.00262797        derivative = 0.167367       


Measure information will be written to file "D:\pesquisa\Projeto SEE\Algoritmos\MeuModelo\src\bruno\Output\nor3\111\Passo1_nor3_111_VDDtoOUT_FO4\Passo1_nor3_111_VDDtoOUT_FO4.measure"

Measurement result summary: OPTIMIZE=opt2_1
   Vpeak           =    1.8803       
   avgiS           =   84.5824u      
   cargaTotal      =   33.8329f      

Optimization iteration 1
                   Residual = 0.566854
              Gradient norm = 0.167367
        Marquardt parameter = 0.0005
       Function evaluations = 4
                  Converged = no
         Gradient converged = no
            Input converged = no
           Output converged = no

Measurement result summary: OPTIMIZE=opt2_2
   Vpeak           =    9.0751m      
   avgiS           =  642.7541n      
   cargaTotal      =  257.1016a      

Optimization iteration 2
                   Residual = 0.566854
              Gradient norm = 0.167367
        Marquardt parameter = 0.002
       Function evaluations = 1
                  Converged = no
         Gradient converged = no
            Input converged = no
           Output converged = no

Measurement result summary: OPTIMIZE=opt2_3
   Vpeak           =    9.0751m      
   avgiS           =  642.7541n      
   cargaTotal      =  257.1016a      

Optimization iteration 3
                   Residual = 0.566854
              Gradient norm = 0.167367
        Marquardt parameter = 0.008
       Function evaluations = 1
                  Converged = no
         Gradient converged = no
            Input converged = no
           Output converged = no

Measurement result summary: OPTIMIZE=opt2_4
   Vpeak           =    9.0751m      
   avgiS           =  642.7541n      
   cargaTotal      =  257.1016a      

Optimization iteration 4
                   Residual = 0.566854
              Gradient norm = 0.167367
        Marquardt parameter = 0.032
       Function evaluations = 1
                  Converged = no
         Gradient converged = no
            Input converged = no
           Output converged = no

Measurement result summary: OPTIMIZE=opt2_5
   Vpeak           =    9.0751m      
   avgiS           =  642.7541n      
   cargaTotal      =  257.1016a      

Optimization iteration 5
                   Residual = 0.566854
              Gradient norm = 0.167367
        Marquardt parameter = 0.128
       Function evaluations = 1
                  Converged = no
         Gradient converged = no
            Input converged = no
           Output converged = no

Measurement result summary: OPTIMIZE=opt2_6
   Vpeak           =    9.0751m      
   avgiS           =  642.7541n      
   cargaTotal      =  257.1016a      

Optimization iteration 6
                   Residual = 0.566854
              Gradient norm = 0.167367
        Marquardt parameter = 0.512
       Function evaluations = 1
                  Converged = no
         Gradient converged = no
            Input converged = no
           Output converged = no

Measurement result summary: OPTIMIZE=opt2_7
   Vpeak           =    9.0751m      
   avgiS           =  642.7541n      
   cargaTotal      =  257.1016a      

Optimization iteration 7
                   Residual = 0.566854
              Gradient norm = 0.167367
        Marquardt parameter = 2.048
       Function evaluations = 1
                  Converged = no
         Gradient converged = no
            Input converged = no
           Output converged = no

Measurement result summary: OPTIMIZE=opt2_8
   Vpeak           =    9.0751m      
   avgiS           =  642.7541n      
   cargaTotal      =  257.1016a      

Optimization iteration 8
                   Residual = 0.566854
              Gradient norm = 0.167367
        Marquardt parameter = 8.192
       Function evaluations = 1
                  Converged = no
         Gradient converged = no
            Input converged = no
           Output converged = no

Optimization parameters:
      iTotal = 0.0022804         derivative = 0.202012       


Measurement result summary: OPTIMIZE=opt2_9
   Vpeak           =    1.8723       
   avgiS           =   73.3787u      
   cargaTotal      =   29.3515f      

Optimization iteration 9
                   Residual = 0.560214
              Gradient norm = 0.202012
        Marquardt parameter = 4.096
       Function evaluations = 2
                  Converged = no
         Gradient converged = no
            Input converged = no
           Output converged = no

Optimization parameters:
      iTotal = 0.00140688        derivative = 3.24589        


Measurement result summary: OPTIMIZE=opt2_10
   Vpeak           =    1.8218       
   avgiS           =   45.2592u      
   cargaTotal      =   18.1037f      

Optimization iteration 10
                   Residual = 0.517487
              Gradient norm = 3.24589
        Marquardt parameter = 2.048
       Function evaluations = 2
                  Converged = no
         Gradient converged = no
            Input converged = no
           Output converged = no

Optimization parameters:
      iTotal = 0.00129266        derivative = 7.59357        


Measurement result summary: OPTIMIZE=opt2_11
   Vpeak           =    1.6502       
   avgiS           =   41.5846u      
   cargaTotal      =   16.6338f      

Optimization iteration 11
                   Residual = 0.37306
              Gradient norm = 7.59357
        Marquardt parameter = 1.024
       Function evaluations = 2
                  Converged = no
         Gradient converged = no
            Input converged = no
           Output converged = no

Optimization parameters:
      iTotal = 0.00123601        derivative = 6.35908        


Measurement result summary: OPTIMIZE=opt2_12
   Vpeak           =    1.5333       
   avgiS           =   39.7624u      
   cargaTotal      =   15.9050f      

Optimization iteration 12
                   Residual = 0.275517
              Gradient norm = 6.35908
        Marquardt parameter = 0.512
       Function evaluations = 2
                  Converged = no
         Gradient converged = no
            Input converged = no
           Output converged = no

Optimization parameters:
      iTotal = 0.00117041        derivative = 3.66411        


Measurement result summary: OPTIMIZE=opt2_13
   Vpeak           =    1.3799       
   avgiS           =   37.6521u      
   cargaTotal      =   15.0608f      

Optimization iteration 13
                   Residual = 0.147554
              Gradient norm = 3.66411
        Marquardt parameter = 0.256
       Function evaluations = 2
                  Converged = no
         Gradient converged = no
            Input converged = no
           Output converged = no

Optimization parameters:
      iTotal = 0.00112341        derivative = 1.34013        


Measurement result summary: OPTIMIZE=opt2_14
   Vpeak           =    1.2689       
   avgiS           =   36.1400u      
   cargaTotal      =   14.4560f      

Optimization iteration 14
                   Residual = 0.0552311
              Gradient norm = 1.34013
        Marquardt parameter = 0.128
       Function evaluations = 2
                  Converged = no
         Gradient converged = no
            Input converged = no
           Output converged = no

Optimization parameters:
      iTotal = 0.001101          derivative = 0.308609       


Measurement result summary: OPTIMIZE=opt2_15
   Vpeak           =    1.2171       
   avgiS           =   35.4189u      
   cargaTotal      =   14.1676f      

Optimization iteration 15
                   Residual = 0.0121831
              Gradient norm = 0.308609
        Marquardt parameter = 0.064
       Function evaluations = 2
                  Converged = no
         Gradient converged = no
            Input converged = no
           Output converged = no

Optimization parameters:
      iTotal = 0.00109535        derivative = 0.0577419      


Measurement result summary: OPTIMIZE=opt2_16
   Vpeak           =    1.2042       
   avgiS           =   35.2372u      
   cargaTotal      =   14.0949f      

Optimization iteration 16
                   Residual = 0.00145108
              Gradient norm = 0.0577419
        Marquardt parameter = 0.032
       Function evaluations = 2
                  Converged = no
         Gradient converged = no
            Input converged = no
           Output converged = no

Optimization parameters:
      iTotal = 0.00109463        derivative = 0.0261165      


Measurement result summary: OPTIMIZE=opt2_17
   Vpeak           =    1.2026       
   avgiS           =   35.2141u      
   cargaTotal      =   14.0857f      

Optimization iteration 17
                   Residual = 8.96669e-005
              Gradient norm = 0.0261165
        Marquardt parameter = 0.016
       Function evaluations = 2
                  Converged = yes
         Gradient converged = no
            Input converged = yes
           Output converged = yes

Optimization results:
                   Residual = 8.96669e-005
              Gradient norm = 0.0261165
        Marquardt parameter = 0.016
       Function evaluations = 29
       Number of iterations = 17
         Gradient converged = no
            Input converged = yes
           Output converged = yes

Optimized parameter values:
   iTotal =  1.0946e-003

Measurement result summary: OPTIMIZE=opt2_17
   Vpeak           =    1.2001       
   avgiS           =   35.1789u      
   cargaTotal      =   14.0716f      

Parsing                      0.01 seconds
.TRAN Sweep                  7.91 seconds
Overhead                     0.90 seconds
-----------------------------------------
Total                        8.81 seconds

Simulation completed	with  3 Warnings